<?xml version="1.0" encoding="UTF-8"?>
<testsuite name="project.repository.UserRepositoryTest" tests="1" skipped="0" failures="0" errors="0" timestamp="2022-06-04T06:57:39" hostname="goorm" time="0.003">
  <properties/>
  <testcase name="testApplication" classname="project.repository.UserRepositoryTest" time="0.003"/>
  <system-out><![CDATA[2022-06-04 06:57:39.427  INFO 16795 --- [    Test worker] .b.t.c.SpringBootTestContextBootstrapper : Neither @ContextConfiguration nor @ContextHierarchy found for test class [project.repository.UserRepositoryTest], using SpringBootContextLoader
2022-06-04 06:57:39.428  INFO 16795 --- [    Test worker] o.s.t.c.support.AbstractContextLoader    : Could not detect default resource locations for test class [project.repository.UserRepositoryTest]: no resource found for suffixes {-context.xml, Context.groovy}.
2022-06-04 06:57:39.429  INFO 16795 --- [    Test worker] t.c.s.AnnotationConfigContextLoaderUtils : Could not detect default configuration classes for test class [project.repository.UserRepositoryTest]: UserRepositoryTest does not declare any static, non-private, non-final, nested classes annotated with @Configuration.
2022-06-04 06:57:39.432  INFO 16795 --- [    Test worker] .b.t.c.SpringBootTestContextBootstrapper : Found @SpringBootConfiguration project.Application for test class project.repository.UserRepositoryTest
2022-06-04 06:57:39.453  INFO 16795 --- [    Test worker] .b.t.c.SpringBootTestContextBootstrapper : Loaded default TestExecutionListener class names from location [META-INF/spring.factories]: [org.springframework.boot.test.autoconfigure.restdocs.RestDocsTestExecutionListener, org.springframework.boot.test.autoconfigure.web.client.MockRestServiceServerResetTestExecutionListener, org.springframework.boot.test.autoconfigure.web.servlet.MockMvcPrintOnlyOnFailureTestExecutionListener, org.springframework.boot.test.autoconfigure.web.servlet.WebDriverTestExecutionListener, org.springframework.boot.test.mock.mockito.MockitoTestExecutionListener, org.springframework.boot.test.mock.mockito.ResetMocksTestExecutionListener, org.springframework.test.context.web.ServletTestExecutionListener, org.springframework.test.context.support.DirtiesContextBeforeModesTestExecutionListener, org.springframework.test.context.support.DependencyInjectionTestExecutionListener, org.springframework.test.context.support.DirtiesContextTestExecutionListener, org.springframework.test.context.transaction.TransactionalTestExecutionListener, org.springframework.test.context.jdbc.SqlScriptsTestExecutionListener]
2022-06-04 06:57:39.455  INFO 16795 --- [    Test worker] .b.t.c.SpringBootTestContextBootstrapper : Using TestExecutionListeners: [org.springframework.test.context.web.ServletTestExecutionListener@789d65e, org.springframework.test.context.support.DirtiesContextBeforeModesTestExecutionListener@52db147a, org.springframework.boot.test.mock.mockito.MockitoTestExecutionListener@1fed7d20, org.springframework.boot.test.autoconfigure.SpringBootDependencyInjectionTestExecutionListener@13cd664a, org.springframework.test.context.support.DirtiesContextTestExecutionListener@5abf694b, org.springframework.test.context.transaction.TransactionalTestExecutionListener@50cdcea2, org.springframework.test.context.jdbc.SqlScriptsTestExecutionListener@243dade6, org.springframework.boot.test.autoconfigure.restdocs.RestDocsTestExecutionListener@5c3a601d, org.springframework.boot.test.autoconfigure.web.client.MockRestServiceServerResetTestExecutionListener@7deebfe0, org.springframework.boot.test.autoconfigure.web.servlet.MockMvcPrintOnlyOnFailureTestExecutionListener@43e8c621, org.springframework.boot.test.autoconfigure.web.servlet.WebDriverTestExecutionListener@a730127, org.springframework.boot.test.mock.mockito.ResetMocksTestExecutionListener@546a2fc]
]]></system-out>
  <system-err><![CDATA[]]></system-err>
</testsuite>
