<?xml version="1.0" encoding="UTF-8"?>
<testsuite name="project.ApplicationTests" tests="1" skipped="0" failures="0" errors="0" timestamp="2021-02-13T18:06:35" hostname="goorm" time="0.007">
  <properties/>
  <testcase name="testApplication" classname="project.ApplicationTests" time="0.007"/>
  <system-out><![CDATA[2021-02-13 18:06:35.488  INFO 8759 --- [    Test worker] .b.t.c.SpringBootTestContextBootstrapper : Neither @ContextConfiguration nor @ContextHierarchy found for test class [project.ApplicationTests], using SpringBootContextLoader
2021-02-13 18:06:35.490  INFO 8759 --- [    Test worker] o.s.t.c.support.AbstractContextLoader    : Could not detect default resource locations for test class [project.ApplicationTests]: no resource found for suffixes {-context.xml, Context.groovy}.
2021-02-13 18:06:35.492  INFO 8759 --- [    Test worker] t.c.s.AnnotationConfigContextLoaderUtils : Could not detect default configuration classes for test class [project.ApplicationTests]: ApplicationTests does not declare any static, non-private, non-final, nested classes annotated with @Configuration.
2021-02-13 18:06:35.507  INFO 8759 --- [    Test worker] .b.t.c.SpringBootTestContextBootstrapper : Found @SpringBootConfiguration project.Application for test class project.ApplicationTests
2021-02-13 18:06:35.519  INFO 8759 --- [    Test worker] .b.t.c.SpringBootTestContextBootstrapper : Loaded default TestExecutionListener class names from location [META-INF/spring.factories]: [org.springframework.boot.test.autoconfigure.restdocs.RestDocsTestExecutionListener, org.springframework.boot.test.autoconfigure.web.client.MockRestServiceServerResetTestExecutionListener, org.springframework.boot.test.autoconfigure.web.servlet.MockMvcPrintOnlyOnFailureTestExecutionListener, org.springframework.boot.test.autoconfigure.web.servlet.WebDriverTestExecutionListener, org.springframework.boot.test.mock.mockito.MockitoTestExecutionListener, org.springframework.boot.test.mock.mockito.ResetMocksTestExecutionListener, org.springframework.test.context.web.ServletTestExecutionListener, org.springframework.test.context.support.DirtiesContextBeforeModesTestExecutionListener, org.springframework.test.context.support.DependencyInjectionTestExecutionListener, org.springframework.test.context.support.DirtiesContextTestExecutionListener, org.springframework.test.context.transaction.TransactionalTestExecutionListener, org.springframework.test.context.jdbc.SqlScriptsTestExecutionListener]
2021-02-13 18:06:35.521  INFO 8759 --- [    Test worker] .b.t.c.SpringBootTestContextBootstrapper : Using TestExecutionListeners: [org.springframework.test.context.web.ServletTestExecutionListener@564edfe4, org.springframework.test.context.support.DirtiesContextBeforeModesTestExecutionListener@3fe66c63, org.springframework.boot.test.mock.mockito.MockitoTestExecutionListener@6afbb5bd, org.springframework.boot.test.autoconfigure.SpringBootDependencyInjectionTestExecutionListener@5b813244, org.springframework.test.context.support.DirtiesContextTestExecutionListener@7b10772f, org.springframework.test.context.transaction.TransactionalTestExecutionListener@7799895a, org.springframework.test.context.jdbc.SqlScriptsTestExecutionListener@40f88c49, org.springframework.boot.test.autoconfigure.restdocs.RestDocsTestExecutionListener@12b98500, org.springframework.boot.test.autoconfigure.web.client.MockRestServiceServerResetTestExecutionListener@6ae82177, org.springframework.boot.test.autoconfigure.web.servlet.MockMvcPrintOnlyOnFailureTestExecutionListener@5180b629, org.springframework.boot.test.autoconfigure.web.servlet.WebDriverTestExecutionListener@559ee294, org.springframework.boot.test.mock.mockito.ResetMocksTestExecutionListener@bd1eca2]
]]></system-out>
  <system-err><![CDATA[]]></system-err>
</testsuite>
