<?xml version="1.0" encoding="UTF-8"?>
<testsuite name="project.sample.OrderDetailSample" tests="1" skipped="0" failures="0" errors="0" timestamp="2022-06-04T06:57:38" hostname="goorm" time="0.003">
  <properties/>
  <testcase name="testApplication" classname="project.sample.OrderDetailSample" time="0.003"/>
  <system-out><![CDATA[2022-06-04 06:57:38.871  INFO 16795 --- [    Test worker] .b.t.c.SpringBootTestContextBootstrapper : Neither @ContextConfiguration nor @ContextHierarchy found for test class [project.sample.OrderDetailSample], using SpringBootContextLoader
2022-06-04 06:57:38.872  INFO 16795 --- [    Test worker] o.s.t.c.support.AbstractContextLoader    : Could not detect default resource locations for test class [project.sample.OrderDetailSample]: no resource found for suffixes {-context.xml, Context.groovy}.
2022-06-04 06:57:38.873  INFO 16795 --- [    Test worker] t.c.s.AnnotationConfigContextLoaderUtils : Could not detect default configuration classes for test class [project.sample.OrderDetailSample]: OrderDetailSample does not declare any static, non-private, non-final, nested classes annotated with @Configuration.
2022-06-04 06:57:38.877  INFO 16795 --- [    Test worker] .b.t.c.SpringBootTestContextBootstrapper : Found @SpringBootConfiguration project.Application for test class project.sample.OrderDetailSample
2022-06-04 06:57:38.881  INFO 16795 --- [    Test worker] .b.t.c.SpringBootTestContextBootstrapper : Loaded default TestExecutionListener class names from location [META-INF/spring.factories]: [org.springframework.boot.test.autoconfigure.restdocs.RestDocsTestExecutionListener, org.springframework.boot.test.autoconfigure.web.client.MockRestServiceServerResetTestExecutionListener, org.springframework.boot.test.autoconfigure.web.servlet.MockMvcPrintOnlyOnFailureTestExecutionListener, org.springframework.boot.test.autoconfigure.web.servlet.WebDriverTestExecutionListener, org.springframework.boot.test.mock.mockito.MockitoTestExecutionListener, org.springframework.boot.test.mock.mockito.ResetMocksTestExecutionListener, org.springframework.test.context.web.ServletTestExecutionListener, org.springframework.test.context.support.DirtiesContextBeforeModesTestExecutionListener, org.springframework.test.context.support.DependencyInjectionTestExecutionListener, org.springframework.test.context.support.DirtiesContextTestExecutionListener, org.springframework.test.context.transaction.TransactionalTestExecutionListener, org.springframework.test.context.jdbc.SqlScriptsTestExecutionListener]
2022-06-04 06:57:38.896  INFO 16795 --- [    Test worker] .b.t.c.SpringBootTestContextBootstrapper : Using TestExecutionListeners: [org.springframework.test.context.web.ServletTestExecutionListener@42384ec8, org.springframework.test.context.support.DirtiesContextBeforeModesTestExecutionListener@3741c703, org.springframework.boot.test.mock.mockito.MockitoTestExecutionListener@2b859ef3, org.springframework.boot.test.autoconfigure.SpringBootDependencyInjectionTestExecutionListener@6d803fc7, org.springframework.test.context.support.DirtiesContextTestExecutionListener@6d4e62b1, org.springframework.test.context.transaction.TransactionalTestExecutionListener@548ec9c4, org.springframework.test.context.jdbc.SqlScriptsTestExecutionListener@537ba7a0, org.springframework.boot.test.autoconfigure.restdocs.RestDocsTestExecutionListener@3fe9d40f, org.springframework.boot.test.autoconfigure.web.client.MockRestServiceServerResetTestExecutionListener@21ac72a9, org.springframework.boot.test.autoconfigure.web.servlet.MockMvcPrintOnlyOnFailureTestExecutionListener@3ce4fb1, org.springframework.boot.test.autoconfigure.web.servlet.WebDriverTestExecutionListener@d06aecf, org.springframework.boot.test.mock.mockito.ResetMocksTestExecutionListener@7cbe5acc]
]]></system-out>
  <system-err><![CDATA[]]></system-err>
</testsuite>
