<?xml version="1.0" encoding="UTF-8"?>
<testsuite name="project.sample.UserSample" tests="1" skipped="0" failures="0" errors="0" timestamp="2022-06-04T06:57:38" hostname="goorm" time="0.009">
  <properties/>
  <testcase name="testApplication" classname="project.sample.UserSample" time="0.009"/>
  <system-out><![CDATA[2022-06-04 06:57:38.829  INFO 16795 --- [    Test worker] .b.t.c.SpringBootTestContextBootstrapper : Neither @ContextConfiguration nor @ContextHierarchy found for test class [project.sample.UserSample], using SpringBootContextLoader
2022-06-04 06:57:38.830  INFO 16795 --- [    Test worker] o.s.t.c.support.AbstractContextLoader    : Could not detect default resource locations for test class [project.sample.UserSample]: no resource found for suffixes {-context.xml, Context.groovy}.
2022-06-04 06:57:38.830  INFO 16795 --- [    Test worker] t.c.s.AnnotationConfigContextLoaderUtils : Could not detect default configuration classes for test class [project.sample.UserSample]: UserSample does not declare any static, non-private, non-final, nested classes annotated with @Configuration.
2022-06-04 06:57:38.838  INFO 16795 --- [    Test worker] .b.t.c.SpringBootTestContextBootstrapper : Found @SpringBootConfiguration project.Application for test class project.sample.UserSample
2022-06-04 06:57:38.846  INFO 16795 --- [    Test worker] .b.t.c.SpringBootTestContextBootstrapper : Loaded default TestExecutionListener class names from location [META-INF/spring.factories]: [org.springframework.boot.test.autoconfigure.restdocs.RestDocsTestExecutionListener, org.springframework.boot.test.autoconfigure.web.client.MockRestServiceServerResetTestExecutionListener, org.springframework.boot.test.autoconfigure.web.servlet.MockMvcPrintOnlyOnFailureTestExecutionListener, org.springframework.boot.test.autoconfigure.web.servlet.WebDriverTestExecutionListener, org.springframework.boot.test.mock.mockito.MockitoTestExecutionListener, org.springframework.boot.test.mock.mockito.ResetMocksTestExecutionListener, org.springframework.test.context.web.ServletTestExecutionListener, org.springframework.test.context.support.DirtiesContextBeforeModesTestExecutionListener, org.springframework.test.context.support.DependencyInjectionTestExecutionListener, org.springframework.test.context.support.DirtiesContextTestExecutionListener, org.springframework.test.context.transaction.TransactionalTestExecutionListener, org.springframework.test.context.jdbc.SqlScriptsTestExecutionListener]
2022-06-04 06:57:38.846  INFO 16795 --- [    Test worker] .b.t.c.SpringBootTestContextBootstrapper : Using TestExecutionListeners: [org.springframework.test.context.web.ServletTestExecutionListener@508c642e, org.springframework.test.context.support.DirtiesContextBeforeModesTestExecutionListener@44e74f99, org.springframework.boot.test.mock.mockito.MockitoTestExecutionListener@1467ac2a, org.springframework.boot.test.autoconfigure.SpringBootDependencyInjectionTestExecutionListener@1dfe2e28, org.springframework.test.context.support.DirtiesContextTestExecutionListener@2ee094ad, org.springframework.test.context.transaction.TransactionalTestExecutionListener@50059d6f, org.springframework.test.context.jdbc.SqlScriptsTestExecutionListener@792a7db9, org.springframework.boot.test.autoconfigure.restdocs.RestDocsTestExecutionListener@154983da, org.springframework.boot.test.autoconfigure.web.client.MockRestServiceServerResetTestExecutionListener@3fa63822, org.springframework.boot.test.autoconfigure.web.servlet.MockMvcPrintOnlyOnFailureTestExecutionListener@43b4245c, org.springframework.boot.test.autoconfigure.web.servlet.WebDriverTestExecutionListener@69d95e26, org.springframework.boot.test.mock.mockito.ResetMocksTestExecutionListener@30d74794]
]]></system-out>
  <system-err><![CDATA[]]></system-err>
</testsuite>
