<?xml version="1.0" encoding="UTF-8"?>
<testsuite name="project.repository.CategoryRepositoryTest" tests="1" skipped="0" failures="0" errors="0" timestamp="2022-06-04T06:57:39" hostname="goorm" time="0.005">
  <properties/>
  <testcase name="testApplication" classname="project.repository.CategoryRepositoryTest" time="0.005"/>
  <system-out><![CDATA[2022-06-04 06:57:39.496  INFO 16795 --- [    Test worker] .b.t.c.SpringBootTestContextBootstrapper : Neither @ContextConfiguration nor @ContextHierarchy found for test class [project.repository.CategoryRepositoryTest], using SpringBootContextLoader
2022-06-04 06:57:39.498  INFO 16795 --- [    Test worker] o.s.t.c.support.AbstractContextLoader    : Could not detect default resource locations for test class [project.repository.CategoryRepositoryTest]: no resource found for suffixes {-context.xml, Context.groovy}.
2022-06-04 06:57:39.507  INFO 16795 --- [    Test worker] t.c.s.AnnotationConfigContextLoaderUtils : Could not detect default configuration classes for test class [project.repository.CategoryRepositoryTest]: CategoryRepositoryTest does not declare any static, non-private, non-final, nested classes annotated with @Configuration.
2022-06-04 06:57:39.511  INFO 16795 --- [    Test worker] .b.t.c.SpringBootTestContextBootstrapper : Found @SpringBootConfiguration project.Application for test class project.repository.CategoryRepositoryTest
2022-06-04 06:57:39.513  INFO 16795 --- [    Test worker] .b.t.c.SpringBootTestContextBootstrapper : Loaded default TestExecutionListener class names from location [META-INF/spring.factories]: [org.springframework.boot.test.autoconfigure.restdocs.RestDocsTestExecutionListener, org.springframework.boot.test.autoconfigure.web.client.MockRestServiceServerResetTestExecutionListener, org.springframework.boot.test.autoconfigure.web.servlet.MockMvcPrintOnlyOnFailureTestExecutionListener, org.springframework.boot.test.autoconfigure.web.servlet.WebDriverTestExecutionListener, org.springframework.boot.test.mock.mockito.MockitoTestExecutionListener, org.springframework.boot.test.mock.mockito.ResetMocksTestExecutionListener, org.springframework.test.context.web.ServletTestExecutionListener, org.springframework.test.context.support.DirtiesContextBeforeModesTestExecutionListener, org.springframework.test.context.support.DependencyInjectionTestExecutionListener, org.springframework.test.context.support.DirtiesContextTestExecutionListener, org.springframework.test.context.transaction.TransactionalTestExecutionListener, org.springframework.test.context.jdbc.SqlScriptsTestExecutionListener]
2022-06-04 06:57:39.515  INFO 16795 --- [    Test worker] .b.t.c.SpringBootTestContextBootstrapper : Using TestExecutionListeners: [org.springframework.test.context.web.ServletTestExecutionListener@2a8a58b2, org.springframework.test.context.support.DirtiesContextBeforeModesTestExecutionListener@5f4036ac, org.springframework.boot.test.mock.mockito.MockitoTestExecutionListener@4f019ee9, org.springframework.boot.test.autoconfigure.SpringBootDependencyInjectionTestExecutionListener@f68fe08, org.springframework.test.context.support.DirtiesContextTestExecutionListener@77df789f, org.springframework.test.context.transaction.TransactionalTestExecutionListener@2974c59e, org.springframework.test.context.jdbc.SqlScriptsTestExecutionListener@6ac1f08f, org.springframework.boot.test.autoconfigure.restdocs.RestDocsTestExecutionListener@2211cb61, org.springframework.boot.test.autoconfigure.web.client.MockRestServiceServerResetTestExecutionListener@2e06443c, org.springframework.boot.test.autoconfigure.web.servlet.MockMvcPrintOnlyOnFailureTestExecutionListener@21513c57, org.springframework.boot.test.autoconfigure.web.servlet.WebDriverTestExecutionListener@44f1e57a, org.springframework.boot.test.mock.mockito.ResetMocksTestExecutionListener@68976446]
]]></system-out>
  <system-err><![CDATA[]]></system-err>
</testsuite>
