<?xml version="1.0" encoding="UTF-8"?>
<testsuite name="project.sample.UserSample" tests="1" skipped="0" failures="0" errors="0" timestamp="2021-02-13T18:06:35" hostname="goorm" time="0.003">
  <properties/>
  <testcase name="testApplication" classname="project.sample.UserSample" time="0.003"/>
  <system-out><![CDATA[2021-02-13 18:06:35.440  INFO 8759 --- [    Test worker] .b.t.c.SpringBootTestContextBootstrapper : Neither @ContextConfiguration nor @ContextHierarchy found for test class [project.sample.UserSample], using SpringBootContextLoader
2021-02-13 18:06:35.443  INFO 8759 --- [    Test worker] o.s.t.c.support.AbstractContextLoader    : Could not detect default resource locations for test class [project.sample.UserSample]: no resource found for suffixes {-context.xml, Context.groovy}.
2021-02-13 18:06:35.444  INFO 8759 --- [    Test worker] t.c.s.AnnotationConfigContextLoaderUtils : Could not detect default configuration classes for test class [project.sample.UserSample]: UserSample does not declare any static, non-private, non-final, nested classes annotated with @Configuration.
2021-02-13 18:06:35.447  INFO 8759 --- [    Test worker] .b.t.c.SpringBootTestContextBootstrapper : Found @SpringBootConfiguration project.Application for test class project.sample.UserSample
2021-02-13 18:06:35.451  INFO 8759 --- [    Test worker] .b.t.c.SpringBootTestContextBootstrapper : Loaded default TestExecutionListener class names from location [META-INF/spring.factories]: [org.springframework.boot.test.autoconfigure.restdocs.RestDocsTestExecutionListener, org.springframework.boot.test.autoconfigure.web.client.MockRestServiceServerResetTestExecutionListener, org.springframework.boot.test.autoconfigure.web.servlet.MockMvcPrintOnlyOnFailureTestExecutionListener, org.springframework.boot.test.autoconfigure.web.servlet.WebDriverTestExecutionListener, org.springframework.boot.test.mock.mockito.MockitoTestExecutionListener, org.springframework.boot.test.mock.mockito.ResetMocksTestExecutionListener, org.springframework.test.context.web.ServletTestExecutionListener, org.springframework.test.context.support.DirtiesContextBeforeModesTestExecutionListener, org.springframework.test.context.support.DependencyInjectionTestExecutionListener, org.springframework.test.context.support.DirtiesContextTestExecutionListener, org.springframework.test.context.transaction.TransactionalTestExecutionListener, org.springframework.test.context.jdbc.SqlScriptsTestExecutionListener]
2021-02-13 18:06:35.452  INFO 8759 --- [    Test worker] .b.t.c.SpringBootTestContextBootstrapper : Using TestExecutionListeners: [org.springframework.test.context.web.ServletTestExecutionListener@2bde03be, org.springframework.test.context.support.DirtiesContextBeforeModesTestExecutionListener@551a7a39, org.springframework.boot.test.mock.mockito.MockitoTestExecutionListener@eb4dfc7, org.springframework.boot.test.autoconfigure.SpringBootDependencyInjectionTestExecutionListener@4aae4758, org.springframework.test.context.support.DirtiesContextTestExecutionListener@11367e40, org.springframework.test.context.transaction.TransactionalTestExecutionListener@177b05ed, org.springframework.test.context.jdbc.SqlScriptsTestExecutionListener@3f99ba22, org.springframework.boot.test.autoconfigure.restdocs.RestDocsTestExecutionListener@735ae0e, org.springframework.boot.test.autoconfigure.web.client.MockRestServiceServerResetTestExecutionListener@255314d6, org.springframework.boot.test.autoconfigure.web.servlet.MockMvcPrintOnlyOnFailureTestExecutionListener@6a4839fc, org.springframework.boot.test.autoconfigure.web.servlet.WebDriverTestExecutionListener@18f2c63d, org.springframework.boot.test.mock.mockito.ResetMocksTestExecutionListener@321d5ef3]
]]></system-out>
  <system-err><![CDATA[]]></system-err>
</testsuite>
