<?xml version="1.0" encoding="UTF-8"?>
<testsuite name="project.repository.OrderDetailRepositoryTest" tests="1" skipped="0" failures="0" errors="0" timestamp="2022-06-04T06:57:39" hostname="goorm" time="0.003">
  <properties/>
  <testcase name="testApplication" classname="project.repository.OrderDetailRepositoryTest" time="0.003"/>
  <system-out><![CDATA[2022-06-04 06:57:39.100  INFO 16795 --- [    Test worker] .b.t.c.SpringBootTestContextBootstrapper : Neither @ContextConfiguration nor @ContextHierarchy found for test class [project.repository.OrderDetailRepositoryTest], using SpringBootContextLoader
2022-06-04 06:57:39.112  INFO 16795 --- [    Test worker] o.s.t.c.support.AbstractContextLoader    : Could not detect default resource locations for test class [project.repository.OrderDetailRepositoryTest]: no resource found for suffixes {-context.xml, Context.groovy}.
2022-06-04 06:57:39.112  INFO 16795 --- [    Test worker] t.c.s.AnnotationConfigContextLoaderUtils : Could not detect default configuration classes for test class [project.repository.OrderDetailRepositoryTest]: OrderDetailRepositoryTest does not declare any static, non-private, non-final, nested classes annotated with @Configuration.
2022-06-04 06:57:39.133  INFO 16795 --- [    Test worker] .b.t.c.SpringBootTestContextBootstrapper : Found @SpringBootConfiguration project.Application for test class project.repository.OrderDetailRepositoryTest
2022-06-04 06:57:39.136  INFO 16795 --- [    Test worker] .b.t.c.SpringBootTestContextBootstrapper : Loaded default TestExecutionListener class names from location [META-INF/spring.factories]: [org.springframework.boot.test.autoconfigure.restdocs.RestDocsTestExecutionListener, org.springframework.boot.test.autoconfigure.web.client.MockRestServiceServerResetTestExecutionListener, org.springframework.boot.test.autoconfigure.web.servlet.MockMvcPrintOnlyOnFailureTestExecutionListener, org.springframework.boot.test.autoconfigure.web.servlet.WebDriverTestExecutionListener, org.springframework.boot.test.mock.mockito.MockitoTestExecutionListener, org.springframework.boot.test.mock.mockito.ResetMocksTestExecutionListener, org.springframework.test.context.web.ServletTestExecutionListener, org.springframework.test.context.support.DirtiesContextBeforeModesTestExecutionListener, org.springframework.test.context.support.DependencyInjectionTestExecutionListener, org.springframework.test.context.support.DirtiesContextTestExecutionListener, org.springframework.test.context.transaction.TransactionalTestExecutionListener, org.springframework.test.context.jdbc.SqlScriptsTestExecutionListener]
2022-06-04 06:57:39.137  INFO 16795 --- [    Test worker] .b.t.c.SpringBootTestContextBootstrapper : Using TestExecutionListeners: [org.springframework.test.context.web.ServletTestExecutionListener@431bc32e, org.springframework.test.context.support.DirtiesContextBeforeModesTestExecutionListener@10ac9bea, org.springframework.boot.test.mock.mockito.MockitoTestExecutionListener@4954709f, org.springframework.boot.test.autoconfigure.SpringBootDependencyInjectionTestExecutionListener@3c674370, org.springframework.test.context.support.DirtiesContextTestExecutionListener@21f8f561, org.springframework.test.context.transaction.TransactionalTestExecutionListener@557f597f, org.springframework.test.context.jdbc.SqlScriptsTestExecutionListener@3fc50bc7, org.springframework.boot.test.autoconfigure.restdocs.RestDocsTestExecutionListener@39bfb38c, org.springframework.boot.test.autoconfigure.web.client.MockRestServiceServerResetTestExecutionListener@5f8a1a27, org.springframework.boot.test.autoconfigure.web.servlet.MockMvcPrintOnlyOnFailureTestExecutionListener@70910408, org.springframework.boot.test.autoconfigure.web.servlet.WebDriverTestExecutionListener@671db2ee, org.springframework.boot.test.mock.mockito.ResetMocksTestExecutionListener@23fa5e52]
]]></system-out>
  <system-err><![CDATA[]]></system-err>
</testsuite>
