<?xml version="1.0" encoding="UTF-8"?>
<testsuite name="project.repository.AdminUserRepositoryTest" tests="1" skipped="0" failures="0" errors="0" timestamp="2022-06-02T14:27:58" hostname="goorm" time="0.002">
  <properties/>
  <testcase name="testApplication" classname="project.repository.AdminUserRepositoryTest" time="0.002"/>
  <system-out><![CDATA[2022-06-02 14:27:58.362  INFO 7814 --- [    Test worker] .b.t.c.SpringBootTestContextBootstrapper : Neither @ContextConfiguration nor @ContextHierarchy found for test class [project.repository.AdminUserRepositoryTest], using SpringBootContextLoader
2022-06-02 14:27:58.363  INFO 7814 --- [    Test worker] o.s.t.c.support.AbstractContextLoader    : Could not detect default resource locations for test class [project.repository.AdminUserRepositoryTest]: no resource found for suffixes {-context.xml, Context.groovy}.
2022-06-02 14:27:58.363  INFO 7814 --- [    Test worker] t.c.s.AnnotationConfigContextLoaderUtils : Could not detect default configuration classes for test class [project.repository.AdminUserRepositoryTest]: AdminUserRepositoryTest does not declare any static, non-private, non-final, nested classes annotated with @Configuration.
2022-06-02 14:27:58.365  INFO 7814 --- [    Test worker] .b.t.c.SpringBootTestContextBootstrapper : Found @SpringBootConfiguration project.Application for test class project.repository.AdminUserRepositoryTest
2022-06-02 14:27:58.366  INFO 7814 --- [    Test worker] .b.t.c.SpringBootTestContextBootstrapper : Loaded default TestExecutionListener class names from location [META-INF/spring.factories]: [org.springframework.boot.test.autoconfigure.restdocs.RestDocsTestExecutionListener, org.springframework.boot.test.autoconfigure.web.client.MockRestServiceServerResetTestExecutionListener, org.springframework.boot.test.autoconfigure.web.servlet.MockMvcPrintOnlyOnFailureTestExecutionListener, org.springframework.boot.test.autoconfigure.web.servlet.WebDriverTestExecutionListener, org.springframework.boot.test.mock.mockito.MockitoTestExecutionListener, org.springframework.boot.test.mock.mockito.ResetMocksTestExecutionListener, org.springframework.test.context.web.ServletTestExecutionListener, org.springframework.test.context.support.DirtiesContextBeforeModesTestExecutionListener, org.springframework.test.context.support.DependencyInjectionTestExecutionListener, org.springframework.test.context.support.DirtiesContextTestExecutionListener, org.springframework.test.context.transaction.TransactionalTestExecutionListener, org.springframework.test.context.jdbc.SqlScriptsTestExecutionListener]
2022-06-02 14:27:58.367  INFO 7814 --- [    Test worker] .b.t.c.SpringBootTestContextBootstrapper : Using TestExecutionListeners: [org.springframework.test.context.web.ServletTestExecutionListener@18f83deb, org.springframework.test.context.support.DirtiesContextBeforeModesTestExecutionListener@4b6ffaff, org.springframework.boot.test.mock.mockito.MockitoTestExecutionListener@7404c084, org.springframework.boot.test.autoconfigure.SpringBootDependencyInjectionTestExecutionListener@7a25bce0, org.springframework.test.context.support.DirtiesContextTestExecutionListener@23ebd12a, org.springframework.test.context.transaction.TransactionalTestExecutionListener@17e76faa, org.springframework.test.context.jdbc.SqlScriptsTestExecutionListener@45359d32, org.springframework.boot.test.autoconfigure.restdocs.RestDocsTestExecutionListener@1220ebc8, org.springframework.boot.test.autoconfigure.web.client.MockRestServiceServerResetTestExecutionListener@6f3f1a27, org.springframework.boot.test.autoconfigure.web.servlet.MockMvcPrintOnlyOnFailureTestExecutionListener@4309a255, org.springframework.boot.test.autoconfigure.web.servlet.WebDriverTestExecutionListener@2a3c7b0b, org.springframework.boot.test.mock.mockito.ResetMocksTestExecutionListener@3fd7bb2f]
]]></system-out>
  <system-err><![CDATA[]]></system-err>
</testsuite>
