<?xml version="1.0" encoding="UTF-8"?>
<testsuite name="project.repository.UserRepositoryTest" tests="1" skipped="0" failures="0" errors="0" timestamp="2022-06-02T14:27:58" hostname="goorm" time="0.004">
  <properties/>
  <testcase name="testApplication" classname="project.repository.UserRepositoryTest" time="0.004"/>
  <system-out><![CDATA[2022-06-02 14:27:58.420  INFO 7814 --- [    Test worker] .b.t.c.SpringBootTestContextBootstrapper : Neither @ContextConfiguration nor @ContextHierarchy found for test class [project.repository.UserRepositoryTest], using SpringBootContextLoader
2022-06-02 14:27:58.421  INFO 7814 --- [    Test worker] o.s.t.c.support.AbstractContextLoader    : Could not detect default resource locations for test class [project.repository.UserRepositoryTest]: no resource found for suffixes {-context.xml, Context.groovy}.
2022-06-02 14:27:58.421  INFO 7814 --- [    Test worker] t.c.s.AnnotationConfigContextLoaderUtils : Could not detect default configuration classes for test class [project.repository.UserRepositoryTest]: UserRepositoryTest does not declare any static, non-private, non-final, nested classes annotated with @Configuration.
2022-06-02 14:27:58.423  INFO 7814 --- [    Test worker] .b.t.c.SpringBootTestContextBootstrapper : Found @SpringBootConfiguration project.Application for test class project.repository.UserRepositoryTest
2022-06-02 14:27:58.425  INFO 7814 --- [    Test worker] .b.t.c.SpringBootTestContextBootstrapper : Loaded default TestExecutionListener class names from location [META-INF/spring.factories]: [org.springframework.boot.test.autoconfigure.restdocs.RestDocsTestExecutionListener, org.springframework.boot.test.autoconfigure.web.client.MockRestServiceServerResetTestExecutionListener, org.springframework.boot.test.autoconfigure.web.servlet.MockMvcPrintOnlyOnFailureTestExecutionListener, org.springframework.boot.test.autoconfigure.web.servlet.WebDriverTestExecutionListener, org.springframework.boot.test.mock.mockito.MockitoTestExecutionListener, org.springframework.boot.test.mock.mockito.ResetMocksTestExecutionListener, org.springframework.test.context.web.ServletTestExecutionListener, org.springframework.test.context.support.DirtiesContextBeforeModesTestExecutionListener, org.springframework.test.context.support.DependencyInjectionTestExecutionListener, org.springframework.test.context.support.DirtiesContextTestExecutionListener, org.springframework.test.context.transaction.TransactionalTestExecutionListener, org.springframework.test.context.jdbc.SqlScriptsTestExecutionListener]
2022-06-02 14:27:58.426  INFO 7814 --- [    Test worker] .b.t.c.SpringBootTestContextBootstrapper : Using TestExecutionListeners: [org.springframework.test.context.web.ServletTestExecutionListener@58848ef0, org.springframework.test.context.support.DirtiesContextBeforeModesTestExecutionListener@641faf31, org.springframework.boot.test.mock.mockito.MockitoTestExecutionListener@63e12afc, org.springframework.boot.test.autoconfigure.SpringBootDependencyInjectionTestExecutionListener@72a90f14, org.springframework.test.context.support.DirtiesContextTestExecutionListener@e26ecbf, org.springframework.test.context.transaction.TransactionalTestExecutionListener@1759bc6d, org.springframework.test.context.jdbc.SqlScriptsTestExecutionListener@7d85d2b0, org.springframework.boot.test.autoconfigure.restdocs.RestDocsTestExecutionListener@47eeb3bb, org.springframework.boot.test.autoconfigure.web.client.MockRestServiceServerResetTestExecutionListener@7e14eced, org.springframework.boot.test.autoconfigure.web.servlet.MockMvcPrintOnlyOnFailureTestExecutionListener@24f49d96, org.springframework.boot.test.autoconfigure.web.servlet.WebDriverTestExecutionListener@7737cbea, org.springframework.boot.test.mock.mockito.ResetMocksTestExecutionListener@4576dddc]
]]></system-out>
  <system-err><![CDATA[]]></system-err>
</testsuite>
