<?xml version="1.0" encoding="UTF-8"?>
<testsuite name="project.sample.OrderDetailSample" tests="1" skipped="0" failures="0" errors="0" timestamp="2022-06-04T05:52:57" hostname="goorm" time="0.005">
  <properties/>
  <testcase name="testApplication" classname="project.sample.OrderDetailSample" time="0.005"/>
  <system-out><![CDATA[2022-06-04 05:52:57.228  INFO 12705 --- [    Test worker] .b.t.c.SpringBootTestContextBootstrapper : Neither @ContextConfiguration nor @ContextHierarchy found for test class [project.sample.OrderDetailSample], using SpringBootContextLoader
2022-06-04 05:52:57.231  INFO 12705 --- [    Test worker] o.s.t.c.support.AbstractContextLoader    : Could not detect default resource locations for test class [project.sample.OrderDetailSample]: no resource found for suffixes {-context.xml, Context.groovy}.
2022-06-04 05:52:57.232  INFO 12705 --- [    Test worker] t.c.s.AnnotationConfigContextLoaderUtils : Could not detect default configuration classes for test class [project.sample.OrderDetailSample]: OrderDetailSample does not declare any static, non-private, non-final, nested classes annotated with @Configuration.
2022-06-04 05:52:57.234  INFO 12705 --- [    Test worker] .b.t.c.SpringBootTestContextBootstrapper : Found @SpringBootConfiguration project.Application for test class project.sample.OrderDetailSample
2022-06-04 05:52:57.237  INFO 12705 --- [    Test worker] .b.t.c.SpringBootTestContextBootstrapper : Loaded default TestExecutionListener class names from location [META-INF/spring.factories]: [org.springframework.boot.test.autoconfigure.restdocs.RestDocsTestExecutionListener, org.springframework.boot.test.autoconfigure.web.client.MockRestServiceServerResetTestExecutionListener, org.springframework.boot.test.autoconfigure.web.servlet.MockMvcPrintOnlyOnFailureTestExecutionListener, org.springframework.boot.test.autoconfigure.web.servlet.WebDriverTestExecutionListener, org.springframework.boot.test.mock.mockito.MockitoTestExecutionListener, org.springframework.boot.test.mock.mockito.ResetMocksTestExecutionListener, org.springframework.test.context.web.ServletTestExecutionListener, org.springframework.test.context.support.DirtiesContextBeforeModesTestExecutionListener, org.springframework.test.context.support.DependencyInjectionTestExecutionListener, org.springframework.test.context.support.DirtiesContextTestExecutionListener, org.springframework.test.context.transaction.TransactionalTestExecutionListener, org.springframework.test.context.jdbc.SqlScriptsTestExecutionListener]
2022-06-04 05:52:57.238  INFO 12705 --- [    Test worker] .b.t.c.SpringBootTestContextBootstrapper : Using TestExecutionListeners: [org.springframework.test.context.web.ServletTestExecutionListener@7dc8d7bb, org.springframework.test.context.support.DirtiesContextBeforeModesTestExecutionListener@74b80ac8, org.springframework.boot.test.mock.mockito.MockitoTestExecutionListener@3ee4770a, org.springframework.boot.test.autoconfigure.SpringBootDependencyInjectionTestExecutionListener@543f81f, org.springframework.test.context.support.DirtiesContextTestExecutionListener@3e0d8203, org.springframework.test.context.transaction.TransactionalTestExecutionListener@a572140, org.springframework.test.context.jdbc.SqlScriptsTestExecutionListener@17164b27, org.springframework.boot.test.autoconfigure.restdocs.RestDocsTestExecutionListener@d8fdada, org.springframework.boot.test.autoconfigure.web.client.MockRestServiceServerResetTestExecutionListener@5fc04cf2, org.springframework.boot.test.autoconfigure.web.servlet.MockMvcPrintOnlyOnFailureTestExecutionListener@6cae2b6b, org.springframework.boot.test.autoconfigure.web.servlet.WebDriverTestExecutionListener@49c40aaa, org.springframework.boot.test.mock.mockito.ResetMocksTestExecutionListener@3a6e4042]
]]></system-out>
  <system-err><![CDATA[]]></system-err>
</testsuite>
