<?xml version="1.0" encoding="UTF-8"?>
<testsuite name="project.ApplicationTests" tests="1" skipped="0" failures="0" errors="0" timestamp="2022-06-04T06:57:39" hostname="goorm" time="0.028">
  <properties/>
  <testcase name="testApplication" classname="project.ApplicationTests" time="0.028"/>
  <system-out><![CDATA[2022-06-04 06:57:38.915  INFO 16795 --- [    Test worker] .b.t.c.SpringBootTestContextBootstrapper : Neither @ContextConfiguration nor @ContextHierarchy found for test class [project.ApplicationTests], using SpringBootContextLoader
2022-06-04 06:57:38.917  INFO 16795 --- [    Test worker] o.s.t.c.support.AbstractContextLoader    : Could not detect default resource locations for test class [project.ApplicationTests]: no resource found for suffixes {-context.xml, Context.groovy}.
2022-06-04 06:57:38.922  INFO 16795 --- [    Test worker] t.c.s.AnnotationConfigContextLoaderUtils : Could not detect default configuration classes for test class [project.ApplicationTests]: ApplicationTests does not declare any static, non-private, non-final, nested classes annotated with @Configuration.
2022-06-04 06:57:38.974  INFO 16795 --- [    Test worker] .b.t.c.SpringBootTestContextBootstrapper : Found @SpringBootConfiguration project.Application for test class project.ApplicationTests
2022-06-04 06:57:39.030  INFO 16795 --- [    Test worker] .b.t.c.SpringBootTestContextBootstrapper : Loaded default TestExecutionListener class names from location [META-INF/spring.factories]: [org.springframework.boot.test.autoconfigure.restdocs.RestDocsTestExecutionListener, org.springframework.boot.test.autoconfigure.web.client.MockRestServiceServerResetTestExecutionListener, org.springframework.boot.test.autoconfigure.web.servlet.MockMvcPrintOnlyOnFailureTestExecutionListener, org.springframework.boot.test.autoconfigure.web.servlet.WebDriverTestExecutionListener, org.springframework.boot.test.mock.mockito.MockitoTestExecutionListener, org.springframework.boot.test.mock.mockito.ResetMocksTestExecutionListener, org.springframework.test.context.web.ServletTestExecutionListener, org.springframework.test.context.support.DirtiesContextBeforeModesTestExecutionListener, org.springframework.test.context.support.DependencyInjectionTestExecutionListener, org.springframework.test.context.support.DirtiesContextTestExecutionListener, org.springframework.test.context.transaction.TransactionalTestExecutionListener, org.springframework.test.context.jdbc.SqlScriptsTestExecutionListener]
2022-06-04 06:57:39.039  INFO 16795 --- [    Test worker] .b.t.c.SpringBootTestContextBootstrapper : Using TestExecutionListeners: [org.springframework.test.context.web.ServletTestExecutionListener@33533772, org.springframework.test.context.support.DirtiesContextBeforeModesTestExecutionListener@65f43b0b, org.springframework.boot.test.mock.mockito.MockitoTestExecutionListener@219feec1, org.springframework.boot.test.autoconfigure.SpringBootDependencyInjectionTestExecutionListener@c611d86, org.springframework.test.context.support.DirtiesContextTestExecutionListener@26a343df, org.springframework.test.context.transaction.TransactionalTestExecutionListener@62cb1863, org.springframework.test.context.jdbc.SqlScriptsTestExecutionListener@3cfc0b1d, org.springframework.boot.test.autoconfigure.restdocs.RestDocsTestExecutionListener@38f5ac29, org.springframework.boot.test.autoconfigure.web.client.MockRestServiceServerResetTestExecutionListener@4f4bd53, org.springframework.boot.test.autoconfigure.web.servlet.MockMvcPrintOnlyOnFailureTestExecutionListener@3e46b5ae, org.springframework.boot.test.autoconfigure.web.servlet.WebDriverTestExecutionListener@623ee598, org.springframework.boot.test.mock.mockito.ResetMocksTestExecutionListener@77bf9912]
]]></system-out>
  <system-err><![CDATA[]]></system-err>
</testsuite>
