<?xml version="1.0" encoding="UTF-8"?>
<testsuite name="project.sample.ItemSample" tests="1" skipped="0" failures="0" errors="0" timestamp="2022-06-04T05:52:57" hostname="goorm" time="0.019">
  <properties/>
  <testcase name="testApplication" classname="project.sample.ItemSample" time="0.019"/>
  <system-out><![CDATA[2022-06-04 05:52:57.096  INFO 12705 --- [    Test worker] .b.t.c.SpringBootTestContextBootstrapper : Neither @ContextConfiguration nor @ContextHierarchy found for test class [project.sample.ItemSample], using SpringBootContextLoader
2022-06-04 05:52:57.101  INFO 12705 --- [    Test worker] o.s.t.c.support.AbstractContextLoader    : Could not detect default resource locations for test class [project.sample.ItemSample]: no resource found for suffixes {-context.xml, Context.groovy}.
2022-06-04 05:52:57.103  INFO 12705 --- [    Test worker] t.c.s.AnnotationConfigContextLoaderUtils : Could not detect default configuration classes for test class [project.sample.ItemSample]: ItemSample does not declare any static, non-private, non-final, nested classes annotated with @Configuration.
2022-06-04 05:52:57.110  INFO 12705 --- [    Test worker] .b.t.c.SpringBootTestContextBootstrapper : Found @SpringBootConfiguration project.Application for test class project.sample.ItemSample
2022-06-04 05:52:57.115  INFO 12705 --- [    Test worker] .b.t.c.SpringBootTestContextBootstrapper : Loaded default TestExecutionListener class names from location [META-INF/spring.factories]: [org.springframework.boot.test.autoconfigure.restdocs.RestDocsTestExecutionListener, org.springframework.boot.test.autoconfigure.web.client.MockRestServiceServerResetTestExecutionListener, org.springframework.boot.test.autoconfigure.web.servlet.MockMvcPrintOnlyOnFailureTestExecutionListener, org.springframework.boot.test.autoconfigure.web.servlet.WebDriverTestExecutionListener, org.springframework.boot.test.mock.mockito.MockitoTestExecutionListener, org.springframework.boot.test.mock.mockito.ResetMocksTestExecutionListener, org.springframework.test.context.web.ServletTestExecutionListener, org.springframework.test.context.support.DirtiesContextBeforeModesTestExecutionListener, org.springframework.test.context.support.DependencyInjectionTestExecutionListener, org.springframework.test.context.support.DirtiesContextTestExecutionListener, org.springframework.test.context.transaction.TransactionalTestExecutionListener, org.springframework.test.context.jdbc.SqlScriptsTestExecutionListener]
2022-06-04 05:52:57.116  INFO 12705 --- [    Test worker] .b.t.c.SpringBootTestContextBootstrapper : Using TestExecutionListeners: [org.springframework.test.context.web.ServletTestExecutionListener@4296f79b, org.springframework.test.context.support.DirtiesContextBeforeModesTestExecutionListener@4e20e063, org.springframework.boot.test.mock.mockito.MockitoTestExecutionListener@7ce4589c, org.springframework.boot.test.autoconfigure.SpringBootDependencyInjectionTestExecutionListener@7e307cb7, org.springframework.test.context.support.DirtiesContextTestExecutionListener@bef76c5, org.springframework.test.context.transaction.TransactionalTestExecutionListener@4285bc23, org.springframework.test.context.jdbc.SqlScriptsTestExecutionListener@1c7b3c57, org.springframework.boot.test.autoconfigure.restdocs.RestDocsTestExecutionListener@61532eab, org.springframework.boot.test.autoconfigure.web.client.MockRestServiceServerResetTestExecutionListener@11fa351a, org.springframework.boot.test.autoconfigure.web.servlet.MockMvcPrintOnlyOnFailureTestExecutionListener@7e71f7a2, org.springframework.boot.test.autoconfigure.web.servlet.WebDriverTestExecutionListener@3b2df5bf, org.springframework.boot.test.mock.mockito.ResetMocksTestExecutionListener@4373a207]
]]></system-out>
  <system-err><![CDATA[]]></system-err>
</testsuite>
