<?xml version="1.0" encoding="UTF-8"?>
<testsuite name="project.ApplicationTests" tests="1" skipped="0" failures="0" errors="0" timestamp="2022-06-04T05:52:57" hostname="goorm" time="0.011">
  <properties/>
  <testcase name="testApplication" classname="project.ApplicationTests" time="0.011"/>
  <system-out><![CDATA[2022-06-04 05:52:57.268  INFO 12705 --- [    Test worker] .b.t.c.SpringBootTestContextBootstrapper : Neither @ContextConfiguration nor @ContextHierarchy found for test class [project.ApplicationTests], using SpringBootContextLoader
2022-06-04 05:52:57.270  INFO 12705 --- [    Test worker] o.s.t.c.support.AbstractContextLoader    : Could not detect default resource locations for test class [project.ApplicationTests]: no resource found for suffixes {-context.xml, Context.groovy}.
2022-06-04 05:52:57.271  INFO 12705 --- [    Test worker] t.c.s.AnnotationConfigContextLoaderUtils : Could not detect default configuration classes for test class [project.ApplicationTests]: ApplicationTests does not declare any static, non-private, non-final, nested classes annotated with @Configuration.
2022-06-04 05:52:57.289  INFO 12705 --- [    Test worker] .b.t.c.SpringBootTestContextBootstrapper : Found @SpringBootConfiguration project.Application for test class project.ApplicationTests
2022-06-04 05:52:57.297  INFO 12705 --- [    Test worker] .b.t.c.SpringBootTestContextBootstrapper : Loaded default TestExecutionListener class names from location [META-INF/spring.factories]: [org.springframework.boot.test.autoconfigure.restdocs.RestDocsTestExecutionListener, org.springframework.boot.test.autoconfigure.web.client.MockRestServiceServerResetTestExecutionListener, org.springframework.boot.test.autoconfigure.web.servlet.MockMvcPrintOnlyOnFailureTestExecutionListener, org.springframework.boot.test.autoconfigure.web.servlet.WebDriverTestExecutionListener, org.springframework.boot.test.mock.mockito.MockitoTestExecutionListener, org.springframework.boot.test.mock.mockito.ResetMocksTestExecutionListener, org.springframework.test.context.web.ServletTestExecutionListener, org.springframework.test.context.support.DirtiesContextBeforeModesTestExecutionListener, org.springframework.test.context.support.DependencyInjectionTestExecutionListener, org.springframework.test.context.support.DirtiesContextTestExecutionListener, org.springframework.test.context.transaction.TransactionalTestExecutionListener, org.springframework.test.context.jdbc.SqlScriptsTestExecutionListener]
2022-06-04 05:52:57.300  INFO 12705 --- [    Test worker] .b.t.c.SpringBootTestContextBootstrapper : Using TestExecutionListeners: [org.springframework.test.context.web.ServletTestExecutionListener@60dfe2ba, org.springframework.test.context.support.DirtiesContextBeforeModesTestExecutionListener@497bfd07, org.springframework.boot.test.mock.mockito.MockitoTestExecutionListener@6dee789b, org.springframework.boot.test.autoconfigure.SpringBootDependencyInjectionTestExecutionListener@29e93a3e, org.springframework.test.context.support.DirtiesContextTestExecutionListener@363cd78b, org.springframework.test.context.transaction.TransactionalTestExecutionListener@2039978e, org.springframework.test.context.jdbc.SqlScriptsTestExecutionListener@3e8d19b2, org.springframework.boot.test.autoconfigure.restdocs.RestDocsTestExecutionListener@5e55fc97, org.springframework.boot.test.autoconfigure.web.client.MockRestServiceServerResetTestExecutionListener@e85f859, org.springframework.boot.test.autoconfigure.web.servlet.MockMvcPrintOnlyOnFailureTestExecutionListener@62ec9be0, org.springframework.boot.test.autoconfigure.web.servlet.WebDriverTestExecutionListener@347a4e86, org.springframework.boot.test.mock.mockito.ResetMocksTestExecutionListener@453abdda]
]]></system-out>
  <system-err><![CDATA[]]></system-err>
</testsuite>
