<?xml version="1.0" encoding="UTF-8"?>
<testsuite name="project.sample.UserSample" tests="1" skipped="0" failures="0" errors="0" timestamp="2022-06-04T05:52:57" hostname="goorm" time="0.019">
  <properties/>
  <testcase name="testApplication" classname="project.sample.UserSample" time="0.019"/>
  <system-out><![CDATA[2022-06-04 05:52:57.192  INFO 12705 --- [    Test worker] .b.t.c.SpringBootTestContextBootstrapper : Neither @ContextConfiguration nor @ContextHierarchy found for test class [project.sample.UserSample], using SpringBootContextLoader
2022-06-04 05:52:57.194  INFO 12705 --- [    Test worker] o.s.t.c.support.AbstractContextLoader    : Could not detect default resource locations for test class [project.sample.UserSample]: no resource found for suffixes {-context.xml, Context.groovy}.
2022-06-04 05:52:57.194  INFO 12705 --- [    Test worker] t.c.s.AnnotationConfigContextLoaderUtils : Could not detect default configuration classes for test class [project.sample.UserSample]: UserSample does not declare any static, non-private, non-final, nested classes annotated with @Configuration.
2022-06-04 05:52:57.197  INFO 12705 --- [    Test worker] .b.t.c.SpringBootTestContextBootstrapper : Found @SpringBootConfiguration project.Application for test class project.sample.UserSample
2022-06-04 05:52:57.200  INFO 12705 --- [    Test worker] .b.t.c.SpringBootTestContextBootstrapper : Loaded default TestExecutionListener class names from location [META-INF/spring.factories]: [org.springframework.boot.test.autoconfigure.restdocs.RestDocsTestExecutionListener, org.springframework.boot.test.autoconfigure.web.client.MockRestServiceServerResetTestExecutionListener, org.springframework.boot.test.autoconfigure.web.servlet.MockMvcPrintOnlyOnFailureTestExecutionListener, org.springframework.boot.test.autoconfigure.web.servlet.WebDriverTestExecutionListener, org.springframework.boot.test.mock.mockito.MockitoTestExecutionListener, org.springframework.boot.test.mock.mockito.ResetMocksTestExecutionListener, org.springframework.test.context.web.ServletTestExecutionListener, org.springframework.test.context.support.DirtiesContextBeforeModesTestExecutionListener, org.springframework.test.context.support.DependencyInjectionTestExecutionListener, org.springframework.test.context.support.DirtiesContextTestExecutionListener, org.springframework.test.context.transaction.TransactionalTestExecutionListener, org.springframework.test.context.jdbc.SqlScriptsTestExecutionListener]
2022-06-04 05:52:57.202  INFO 12705 --- [    Test worker] .b.t.c.SpringBootTestContextBootstrapper : Using TestExecutionListeners: [org.springframework.test.context.web.ServletTestExecutionListener@13cade70, org.springframework.test.context.support.DirtiesContextBeforeModesTestExecutionListener@6f41779c, org.springframework.boot.test.mock.mockito.MockitoTestExecutionListener@2c10372d, org.springframework.boot.test.autoconfigure.SpringBootDependencyInjectionTestExecutionListener@d083905, org.springframework.test.context.support.DirtiesContextTestExecutionListener@48744f8a, org.springframework.test.context.transaction.TransactionalTestExecutionListener@2ced3c8f, org.springframework.test.context.jdbc.SqlScriptsTestExecutionListener@1e9df60, org.springframework.boot.test.autoconfigure.restdocs.RestDocsTestExecutionListener@4de50e49, org.springframework.boot.test.autoconfigure.web.client.MockRestServiceServerResetTestExecutionListener@27870060, org.springframework.boot.test.autoconfigure.web.servlet.MockMvcPrintOnlyOnFailureTestExecutionListener@624b595b, org.springframework.boot.test.autoconfigure.web.servlet.WebDriverTestExecutionListener@2d1698ad, org.springframework.boot.test.mock.mockito.ResetMocksTestExecutionListener@48644c00]
]]></system-out>
  <system-err><![CDATA[]]></system-err>
</testsuite>
