<?xml version="1.0" encoding="UTF-8"?>
<testsuite name="project.sample.PartnerSample" tests="1" skipped="0" failures="0" errors="0" timestamp="2022-06-04T05:52:57" hostname="goorm" time="0.013">
  <properties/>
  <testcase name="testApplication" classname="project.sample.PartnerSample" time="0.013"/>
  <system-out><![CDATA[2022-06-04 05:52:57.148  INFO 12705 --- [    Test worker] .b.t.c.SpringBootTestContextBootstrapper : Neither @ContextConfiguration nor @ContextHierarchy found for test class [project.sample.PartnerSample], using SpringBootContextLoader
2022-06-04 05:52:57.150  INFO 12705 --- [    Test worker] o.s.t.c.support.AbstractContextLoader    : Could not detect default resource locations for test class [project.sample.PartnerSample]: no resource found for suffixes {-context.xml, Context.groovy}.
2022-06-04 05:52:57.151  INFO 12705 --- [    Test worker] t.c.s.AnnotationConfigContextLoaderUtils : Could not detect default configuration classes for test class [project.sample.PartnerSample]: PartnerSample does not declare any static, non-private, non-final, nested classes annotated with @Configuration.
2022-06-04 05:52:57.156  INFO 12705 --- [    Test worker] .b.t.c.SpringBootTestContextBootstrapper : Found @SpringBootConfiguration project.Application for test class project.sample.PartnerSample
2022-06-04 05:52:57.161  INFO 12705 --- [    Test worker] .b.t.c.SpringBootTestContextBootstrapper : Loaded default TestExecutionListener class names from location [META-INF/spring.factories]: [org.springframework.boot.test.autoconfigure.restdocs.RestDocsTestExecutionListener, org.springframework.boot.test.autoconfigure.web.client.MockRestServiceServerResetTestExecutionListener, org.springframework.boot.test.autoconfigure.web.servlet.MockMvcPrintOnlyOnFailureTestExecutionListener, org.springframework.boot.test.autoconfigure.web.servlet.WebDriverTestExecutionListener, org.springframework.boot.test.mock.mockito.MockitoTestExecutionListener, org.springframework.boot.test.mock.mockito.ResetMocksTestExecutionListener, org.springframework.test.context.web.ServletTestExecutionListener, org.springframework.test.context.support.DirtiesContextBeforeModesTestExecutionListener, org.springframework.test.context.support.DependencyInjectionTestExecutionListener, org.springframework.test.context.support.DirtiesContextTestExecutionListener, org.springframework.test.context.transaction.TransactionalTestExecutionListener, org.springframework.test.context.jdbc.SqlScriptsTestExecutionListener]
2022-06-04 05:52:57.163  INFO 12705 --- [    Test worker] .b.t.c.SpringBootTestContextBootstrapper : Using TestExecutionListeners: [org.springframework.test.context.web.ServletTestExecutionListener@308e5ea, org.springframework.test.context.support.DirtiesContextBeforeModesTestExecutionListener@512f9819, org.springframework.boot.test.mock.mockito.MockitoTestExecutionListener@3d4947d4, org.springframework.boot.test.autoconfigure.SpringBootDependencyInjectionTestExecutionListener@13dbb203, org.springframework.test.context.support.DirtiesContextTestExecutionListener@57b82227, org.springframework.test.context.transaction.TransactionalTestExecutionListener@7afa9799, org.springframework.test.context.jdbc.SqlScriptsTestExecutionListener@d7a18f5, org.springframework.boot.test.autoconfigure.restdocs.RestDocsTestExecutionListener@43fff8f3, org.springframework.boot.test.autoconfigure.web.client.MockRestServiceServerResetTestExecutionListener@55c053b1, org.springframework.boot.test.autoconfigure.web.servlet.MockMvcPrintOnlyOnFailureTestExecutionListener@7ba840cf, org.springframework.boot.test.autoconfigure.web.servlet.WebDriverTestExecutionListener@26c842ff, org.springframework.boot.test.mock.mockito.ResetMocksTestExecutionListener@1acc0eb5]
]]></system-out>
  <system-err><![CDATA[]]></system-err>
</testsuite>
