<?xml version="1.0" encoding="UTF-8"?>
<testsuite name="project.repository.AdminUserRepositoryTest" tests="1" skipped="0" failures="0" errors="0" timestamp="2022-06-04T05:52:57" hostname="goorm" time="0.003">
  <properties/>
  <testcase name="testApplication" classname="project.repository.AdminUserRepositoryTest" time="0.003"/>
  <system-out><![CDATA[2022-06-04 05:52:57.375  INFO 12705 --- [    Test worker] .b.t.c.SpringBootTestContextBootstrapper : Neither @ContextConfiguration nor @ContextHierarchy found for test class [project.repository.AdminUserRepositoryTest], using SpringBootContextLoader
2022-06-04 05:52:57.388  INFO 12705 --- [    Test worker] o.s.t.c.support.AbstractContextLoader    : Could not detect default resource locations for test class [project.repository.AdminUserRepositoryTest]: no resource found for suffixes {-context.xml, Context.groovy}.
2022-06-04 05:52:57.389  INFO 12705 --- [    Test worker] t.c.s.AnnotationConfigContextLoaderUtils : Could not detect default configuration classes for test class [project.repository.AdminUserRepositoryTest]: AdminUserRepositoryTest does not declare any static, non-private, non-final, nested classes annotated with @Configuration.
2022-06-04 05:52:57.391  INFO 12705 --- [    Test worker] .b.t.c.SpringBootTestContextBootstrapper : Found @SpringBootConfiguration project.Application for test class project.repository.AdminUserRepositoryTest
2022-06-04 05:52:57.399  INFO 12705 --- [    Test worker] .b.t.c.SpringBootTestContextBootstrapper : Loaded default TestExecutionListener class names from location [META-INF/spring.factories]: [org.springframework.boot.test.autoconfigure.restdocs.RestDocsTestExecutionListener, org.springframework.boot.test.autoconfigure.web.client.MockRestServiceServerResetTestExecutionListener, org.springframework.boot.test.autoconfigure.web.servlet.MockMvcPrintOnlyOnFailureTestExecutionListener, org.springframework.boot.test.autoconfigure.web.servlet.WebDriverTestExecutionListener, org.springframework.boot.test.mock.mockito.MockitoTestExecutionListener, org.springframework.boot.test.mock.mockito.ResetMocksTestExecutionListener, org.springframework.test.context.web.ServletTestExecutionListener, org.springframework.test.context.support.DirtiesContextBeforeModesTestExecutionListener, org.springframework.test.context.support.DependencyInjectionTestExecutionListener, org.springframework.test.context.support.DirtiesContextTestExecutionListener, org.springframework.test.context.transaction.TransactionalTestExecutionListener, org.springframework.test.context.jdbc.SqlScriptsTestExecutionListener]
2022-06-04 05:52:57.401  INFO 12705 --- [    Test worker] .b.t.c.SpringBootTestContextBootstrapper : Using TestExecutionListeners: [org.springframework.test.context.web.ServletTestExecutionListener@3186ef45, org.springframework.test.context.support.DirtiesContextBeforeModesTestExecutionListener@5580d88b, org.springframework.boot.test.mock.mockito.MockitoTestExecutionListener@44af7f61, org.springframework.boot.test.autoconfigure.SpringBootDependencyInjectionTestExecutionListener@1e0205a9, org.springframework.test.context.support.DirtiesContextTestExecutionListener@18f83deb, org.springframework.test.context.transaction.TransactionalTestExecutionListener@4b6ffaff, org.springframework.test.context.jdbc.SqlScriptsTestExecutionListener@7404c084, org.springframework.boot.test.autoconfigure.restdocs.RestDocsTestExecutionListener@7a25bce0, org.springframework.boot.test.autoconfigure.web.client.MockRestServiceServerResetTestExecutionListener@23ebd12a, org.springframework.boot.test.autoconfigure.web.servlet.MockMvcPrintOnlyOnFailureTestExecutionListener@17e76faa, org.springframework.boot.test.autoconfigure.web.servlet.WebDriverTestExecutionListener@45359d32, org.springframework.boot.test.mock.mockito.ResetMocksTestExecutionListener@1220ebc8]
]]></system-out>
  <system-err><![CDATA[]]></system-err>
</testsuite>
