<?xml version="1.0" encoding="UTF-8"?>
<testsuite name="project.repository.ItemRepositoryTest" tests="1" skipped="0" failures="0" errors="0" timestamp="2022-06-04T05:52:57" hostname="goorm" time="0.003">
  <properties/>
  <testcase name="testApplication" classname="project.repository.ItemRepositoryTest" time="0.003"/>
  <system-out><![CDATA[2022-06-04 05:52:57.490  INFO 12705 --- [    Test worker] .b.t.c.SpringBootTestContextBootstrapper : Neither @ContextConfiguration nor @ContextHierarchy found for test class [project.repository.ItemRepositoryTest], using SpringBootContextLoader
2022-06-04 05:52:57.492  INFO 12705 --- [    Test worker] o.s.t.c.support.AbstractContextLoader    : Could not detect default resource locations for test class [project.repository.ItemRepositoryTest]: no resource found for suffixes {-context.xml, Context.groovy}.
2022-06-04 05:52:57.503  INFO 12705 --- [    Test worker] t.c.s.AnnotationConfigContextLoaderUtils : Could not detect default configuration classes for test class [project.repository.ItemRepositoryTest]: ItemRepositoryTest does not declare any static, non-private, non-final, nested classes annotated with @Configuration.
2022-06-04 05:52:57.505  INFO 12705 --- [    Test worker] .b.t.c.SpringBootTestContextBootstrapper : Found @SpringBootConfiguration project.Application for test class project.repository.ItemRepositoryTest
2022-06-04 05:52:57.509  INFO 12705 --- [    Test worker] .b.t.c.SpringBootTestContextBootstrapper : Loaded default TestExecutionListener class names from location [META-INF/spring.factories]: [org.springframework.boot.test.autoconfigure.restdocs.RestDocsTestExecutionListener, org.springframework.boot.test.autoconfigure.web.client.MockRestServiceServerResetTestExecutionListener, org.springframework.boot.test.autoconfigure.web.servlet.MockMvcPrintOnlyOnFailureTestExecutionListener, org.springframework.boot.test.autoconfigure.web.servlet.WebDriverTestExecutionListener, org.springframework.boot.test.mock.mockito.MockitoTestExecutionListener, org.springframework.boot.test.mock.mockito.ResetMocksTestExecutionListener, org.springframework.test.context.web.ServletTestExecutionListener, org.springframework.test.context.support.DirtiesContextBeforeModesTestExecutionListener, org.springframework.test.context.support.DependencyInjectionTestExecutionListener, org.springframework.test.context.support.DirtiesContextTestExecutionListener, org.springframework.test.context.transaction.TransactionalTestExecutionListener, org.springframework.test.context.jdbc.SqlScriptsTestExecutionListener]
2022-06-04 05:52:57.517  INFO 12705 --- [    Test worker] .b.t.c.SpringBootTestContextBootstrapper : Using TestExecutionListeners: [org.springframework.test.context.web.ServletTestExecutionListener@6ba6692f, org.springframework.test.context.support.DirtiesContextBeforeModesTestExecutionListener@1d81c89e, org.springframework.boot.test.mock.mockito.MockitoTestExecutionListener@195cc40d, org.springframework.boot.test.autoconfigure.SpringBootDependencyInjectionTestExecutionListener@42a9cbe2, org.springframework.test.context.support.DirtiesContextTestExecutionListener@1a9e3d89, org.springframework.test.context.transaction.TransactionalTestExecutionListener@9c8d37c, org.springframework.test.context.jdbc.SqlScriptsTestExecutionListener@764b02e4, org.springframework.boot.test.autoconfigure.restdocs.RestDocsTestExecutionListener@7ab13114, org.springframework.boot.test.autoconfigure.web.client.MockRestServiceServerResetTestExecutionListener@11a829be, org.springframework.boot.test.autoconfigure.web.servlet.MockMvcPrintOnlyOnFailureTestExecutionListener@5eb45bc4, org.springframework.boot.test.autoconfigure.web.servlet.WebDriverTestExecutionListener@70463ed4, org.springframework.boot.test.mock.mockito.ResetMocksTestExecutionListener@30c9859]
]]></system-out>
  <system-err><![CDATA[]]></system-err>
</testsuite>
