<?xml version="1.0" encoding="UTF-8"?>
<testsuite name="project.repository.ItemRepositoryTest" tests="1" skipped="0" failures="0" errors="0" timestamp="2021-02-13T18:06:35" hostname="goorm" time="0.009">
  <properties/>
  <testcase name="testApplication" classname="project.repository.ItemRepositoryTest" time="0.009"/>
  <system-out><![CDATA[2021-02-13 18:06:35.733  INFO 8759 --- [    Test worker] .b.t.c.SpringBootTestContextBootstrapper : Neither @ContextConfiguration nor @ContextHierarchy found for test class [project.repository.ItemRepositoryTest], using SpringBootContextLoader
2021-02-13 18:06:35.736  INFO 8759 --- [    Test worker] o.s.t.c.support.AbstractContextLoader    : Could not detect default resource locations for test class [project.repository.ItemRepositoryTest]: no resource found for suffixes {-context.xml, Context.groovy}.
2021-02-13 18:06:35.736  INFO 8759 --- [    Test worker] t.c.s.AnnotationConfigContextLoaderUtils : Could not detect default configuration classes for test class [project.repository.ItemRepositoryTest]: ItemRepositoryTest does not declare any static, non-private, non-final, nested classes annotated with @Configuration.
2021-02-13 18:06:35.742  INFO 8759 --- [    Test worker] .b.t.c.SpringBootTestContextBootstrapper : Found @SpringBootConfiguration project.Application for test class project.repository.ItemRepositoryTest
2021-02-13 18:06:35.746  INFO 8759 --- [    Test worker] .b.t.c.SpringBootTestContextBootstrapper : Loaded default TestExecutionListener class names from location [META-INF/spring.factories]: [org.springframework.boot.test.autoconfigure.restdocs.RestDocsTestExecutionListener, org.springframework.boot.test.autoconfigure.web.client.MockRestServiceServerResetTestExecutionListener, org.springframework.boot.test.autoconfigure.web.servlet.MockMvcPrintOnlyOnFailureTestExecutionListener, org.springframework.boot.test.autoconfigure.web.servlet.WebDriverTestExecutionListener, org.springframework.boot.test.mock.mockito.MockitoTestExecutionListener, org.springframework.boot.test.mock.mockito.ResetMocksTestExecutionListener, org.springframework.test.context.web.ServletTestExecutionListener, org.springframework.test.context.support.DirtiesContextBeforeModesTestExecutionListener, org.springframework.test.context.support.DependencyInjectionTestExecutionListener, org.springframework.test.context.support.DirtiesContextTestExecutionListener, org.springframework.test.context.transaction.TransactionalTestExecutionListener, org.springframework.test.context.jdbc.SqlScriptsTestExecutionListener]
2021-02-13 18:06:35.748  INFO 8759 --- [    Test worker] .b.t.c.SpringBootTestContextBootstrapper : Using TestExecutionListeners: [org.springframework.test.context.web.ServletTestExecutionListener@6ba13b99, org.springframework.test.context.support.DirtiesContextBeforeModesTestExecutionListener@3e507a4d, org.springframework.boot.test.mock.mockito.MockitoTestExecutionListener@1d41b108, org.springframework.boot.test.autoconfigure.SpringBootDependencyInjectionTestExecutionListener@35edf736, org.springframework.test.context.support.DirtiesContextTestExecutionListener@57726fe1, org.springframework.test.context.transaction.TransactionalTestExecutionListener@6acdf550, org.springframework.test.context.jdbc.SqlScriptsTestExecutionListener@7a14c0f0, org.springframework.boot.test.autoconfigure.restdocs.RestDocsTestExecutionListener@209adcc3, org.springframework.boot.test.autoconfigure.web.client.MockRestServiceServerResetTestExecutionListener@6453a256, org.springframework.boot.test.autoconfigure.web.servlet.MockMvcPrintOnlyOnFailureTestExecutionListener@6131bcf9, org.springframework.boot.test.autoconfigure.web.servlet.WebDriverTestExecutionListener@3dfee36f, org.springframework.boot.test.mock.mockito.ResetMocksTestExecutionListener@4bf44cd7]
]]></system-out>
  <system-err><![CDATA[]]></system-err>
</testsuite>
