<?xml version="1.0" encoding="UTF-8"?>
<testsuite name="project.repository.OrderGroupRepositoryTest" tests="1" skipped="0" failures="0" errors="0" timestamp="2021-02-13T18:06:35" hostname="goorm" time="0.007">
  <properties/>
  <testcase name="testApplication" classname="project.repository.OrderGroupRepositoryTest" time="0.007"/>
  <system-out><![CDATA[2021-02-13 18:06:35.784  INFO 8759 --- [    Test worker] .b.t.c.SpringBootTestContextBootstrapper : Neither @ContextConfiguration nor @ContextHierarchy found for test class [project.repository.OrderGroupRepositoryTest], using SpringBootContextLoader
2021-02-13 18:06:35.785  INFO 8759 --- [    Test worker] o.s.t.c.support.AbstractContextLoader    : Could not detect default resource locations for test class [project.repository.OrderGroupRepositoryTest]: no resource found for suffixes {-context.xml, Context.groovy}.
2021-02-13 18:06:35.786  INFO 8759 --- [    Test worker] t.c.s.AnnotationConfigContextLoaderUtils : Could not detect default configuration classes for test class [project.repository.OrderGroupRepositoryTest]: OrderGroupRepositoryTest does not declare any static, non-private, non-final, nested classes annotated with @Configuration.
2021-02-13 18:06:35.793  INFO 8759 --- [    Test worker] .b.t.c.SpringBootTestContextBootstrapper : Found @SpringBootConfiguration project.Application for test class project.repository.OrderGroupRepositoryTest
2021-02-13 18:06:35.796  INFO 8759 --- [    Test worker] .b.t.c.SpringBootTestContextBootstrapper : Loaded default TestExecutionListener class names from location [META-INF/spring.factories]: [org.springframework.boot.test.autoconfigure.restdocs.RestDocsTestExecutionListener, org.springframework.boot.test.autoconfigure.web.client.MockRestServiceServerResetTestExecutionListener, org.springframework.boot.test.autoconfigure.web.servlet.MockMvcPrintOnlyOnFailureTestExecutionListener, org.springframework.boot.test.autoconfigure.web.servlet.WebDriverTestExecutionListener, org.springframework.boot.test.mock.mockito.MockitoTestExecutionListener, org.springframework.boot.test.mock.mockito.ResetMocksTestExecutionListener, org.springframework.test.context.web.ServletTestExecutionListener, org.springframework.test.context.support.DirtiesContextBeforeModesTestExecutionListener, org.springframework.test.context.support.DependencyInjectionTestExecutionListener, org.springframework.test.context.support.DirtiesContextTestExecutionListener, org.springframework.test.context.transaction.TransactionalTestExecutionListener, org.springframework.test.context.jdbc.SqlScriptsTestExecutionListener]
2021-02-13 18:06:35.797  INFO 8759 --- [    Test worker] .b.t.c.SpringBootTestContextBootstrapper : Using TestExecutionListeners: [org.springframework.test.context.web.ServletTestExecutionListener@7d22b3ab, org.springframework.test.context.support.DirtiesContextBeforeModesTestExecutionListener@2f0bb98c, org.springframework.boot.test.mock.mockito.MockitoTestExecutionListener@440721ae, org.springframework.boot.test.autoconfigure.SpringBootDependencyInjectionTestExecutionListener@1ebc8762, org.springframework.test.context.support.DirtiesContextTestExecutionListener@76ebc0f5, org.springframework.test.context.transaction.TransactionalTestExecutionListener@4ded07d, org.springframework.test.context.jdbc.SqlScriptsTestExecutionListener@79299b19, org.springframework.boot.test.autoconfigure.restdocs.RestDocsTestExecutionListener@3d484c9, org.springframework.boot.test.autoconfigure.web.client.MockRestServiceServerResetTestExecutionListener@2b10002e, org.springframework.boot.test.autoconfigure.web.servlet.MockMvcPrintOnlyOnFailureTestExecutionListener@593f6009, org.springframework.boot.test.autoconfigure.web.servlet.WebDriverTestExecutionListener@6cfbc964, org.springframework.boot.test.mock.mockito.ResetMocksTestExecutionListener@4baefafe]
]]></system-out>
  <system-err><![CDATA[]]></system-err>
</testsuite>
