<?xml version="1.0" encoding="UTF-8"?>
<testsuite name="project.repository.OrderDetailRepositoryTest" tests="1" skipped="0" failures="0" errors="0" timestamp="2021-02-13T18:06:35" hostname="goorm" time="0.012">
  <properties/>
  <testcase name="testApplication" classname="project.repository.OrderDetailRepositoryTest" time="0.012"/>
  <system-out><![CDATA[2021-02-13 18:06:35.538  INFO 8759 --- [    Test worker] .b.t.c.SpringBootTestContextBootstrapper : Neither @ContextConfiguration nor @ContextHierarchy found for test class [project.repository.OrderDetailRepositoryTest], using SpringBootContextLoader
2021-02-13 18:06:35.541  INFO 8759 --- [    Test worker] o.s.t.c.support.AbstractContextLoader    : Could not detect default resource locations for test class [project.repository.OrderDetailRepositoryTest]: no resource found for suffixes {-context.xml, Context.groovy}.
2021-02-13 18:06:35.544  INFO 8759 --- [    Test worker] t.c.s.AnnotationConfigContextLoaderUtils : Could not detect default configuration classes for test class [project.repository.OrderDetailRepositoryTest]: OrderDetailRepositoryTest does not declare any static, non-private, non-final, nested classes annotated with @Configuration.
2021-02-13 18:06:35.578  INFO 8759 --- [    Test worker] .b.t.c.SpringBootTestContextBootstrapper : Found @SpringBootConfiguration project.Application for test class project.repository.OrderDetailRepositoryTest
2021-02-13 18:06:35.587  INFO 8759 --- [    Test worker] .b.t.c.SpringBootTestContextBootstrapper : Loaded default TestExecutionListener class names from location [META-INF/spring.factories]: [org.springframework.boot.test.autoconfigure.restdocs.RestDocsTestExecutionListener, org.springframework.boot.test.autoconfigure.web.client.MockRestServiceServerResetTestExecutionListener, org.springframework.boot.test.autoconfigure.web.servlet.MockMvcPrintOnlyOnFailureTestExecutionListener, org.springframework.boot.test.autoconfigure.web.servlet.WebDriverTestExecutionListener, org.springframework.boot.test.mock.mockito.MockitoTestExecutionListener, org.springframework.boot.test.mock.mockito.ResetMocksTestExecutionListener, org.springframework.test.context.web.ServletTestExecutionListener, org.springframework.test.context.support.DirtiesContextBeforeModesTestExecutionListener, org.springframework.test.context.support.DependencyInjectionTestExecutionListener, org.springframework.test.context.support.DirtiesContextTestExecutionListener, org.springframework.test.context.transaction.TransactionalTestExecutionListener, org.springframework.test.context.jdbc.SqlScriptsTestExecutionListener]
2021-02-13 18:06:35.590  INFO 8759 --- [    Test worker] .b.t.c.SpringBootTestContextBootstrapper : Using TestExecutionListeners: [org.springframework.test.context.web.ServletTestExecutionListener@5264c82f, org.springframework.test.context.support.DirtiesContextBeforeModesTestExecutionListener@3e28c572, org.springframework.boot.test.mock.mockito.MockitoTestExecutionListener@28a58599, org.springframework.boot.test.autoconfigure.SpringBootDependencyInjectionTestExecutionListener@5a564374, org.springframework.test.context.support.DirtiesContextTestExecutionListener@2e07dda1, org.springframework.test.context.transaction.TransactionalTestExecutionListener@567c8e46, org.springframework.test.context.jdbc.SqlScriptsTestExecutionListener@52f1405d, org.springframework.boot.test.autoconfigure.restdocs.RestDocsTestExecutionListener@3a54e494, org.springframework.boot.test.autoconfigure.web.client.MockRestServiceServerResetTestExecutionListener@2aaeccaa, org.springframework.boot.test.autoconfigure.web.servlet.MockMvcPrintOnlyOnFailureTestExecutionListener@18126907, org.springframework.boot.test.autoconfigure.web.servlet.WebDriverTestExecutionListener@403931f0, org.springframework.boot.test.mock.mockito.ResetMocksTestExecutionListener@5d541d27]
]]></system-out>
  <system-err><![CDATA[]]></system-err>
</testsuite>
