<?xml version="1.0" encoding="UTF-8"?>
<testsuite name="project.repository.PartnerRepositoryTest" tests="1" skipped="0" failures="0" errors="0" timestamp="2022-06-02T14:27:58" hostname="goorm" time="0.002">
  <properties/>
  <testcase name="testApplication" classname="project.repository.PartnerRepositoryTest" time="0.002"/>
  <system-out><![CDATA[2022-06-02 14:27:58.374  INFO 7814 --- [    Test worker] .b.t.c.SpringBootTestContextBootstrapper : Neither @ContextConfiguration nor @ContextHierarchy found for test class [project.repository.PartnerRepositoryTest], using SpringBootContextLoader
2022-06-02 14:27:58.375  INFO 7814 --- [    Test worker] o.s.t.c.support.AbstractContextLoader    : Could not detect default resource locations for test class [project.repository.PartnerRepositoryTest]: no resource found for suffixes {-context.xml, Context.groovy}.
2022-06-02 14:27:58.375  INFO 7814 --- [    Test worker] t.c.s.AnnotationConfigContextLoaderUtils : Could not detect default configuration classes for test class [project.repository.PartnerRepositoryTest]: PartnerRepositoryTest does not declare any static, non-private, non-final, nested classes annotated with @Configuration.
2022-06-02 14:27:58.377  INFO 7814 --- [    Test worker] .b.t.c.SpringBootTestContextBootstrapper : Found @SpringBootConfiguration project.Application for test class project.repository.PartnerRepositoryTest
2022-06-02 14:27:58.379  INFO 7814 --- [    Test worker] .b.t.c.SpringBootTestContextBootstrapper : Loaded default TestExecutionListener class names from location [META-INF/spring.factories]: [org.springframework.boot.test.autoconfigure.restdocs.RestDocsTestExecutionListener, org.springframework.boot.test.autoconfigure.web.client.MockRestServiceServerResetTestExecutionListener, org.springframework.boot.test.autoconfigure.web.servlet.MockMvcPrintOnlyOnFailureTestExecutionListener, org.springframework.boot.test.autoconfigure.web.servlet.WebDriverTestExecutionListener, org.springframework.boot.test.mock.mockito.MockitoTestExecutionListener, org.springframework.boot.test.mock.mockito.ResetMocksTestExecutionListener, org.springframework.test.context.web.ServletTestExecutionListener, org.springframework.test.context.support.DirtiesContextBeforeModesTestExecutionListener, org.springframework.test.context.support.DependencyInjectionTestExecutionListener, org.springframework.test.context.support.DirtiesContextTestExecutionListener, org.springframework.test.context.transaction.TransactionalTestExecutionListener, org.springframework.test.context.jdbc.SqlScriptsTestExecutionListener]
2022-06-02 14:27:58.380  INFO 7814 --- [    Test worker] .b.t.c.SpringBootTestContextBootstrapper : Using TestExecutionListeners: [org.springframework.test.context.web.ServletTestExecutionListener@4b0b1f9b, org.springframework.test.context.support.DirtiesContextBeforeModesTestExecutionListener@117c3410, org.springframework.boot.test.mock.mockito.MockitoTestExecutionListener@2f63b8fb, org.springframework.boot.test.autoconfigure.SpringBootDependencyInjectionTestExecutionListener@5062b10d, org.springframework.test.context.support.DirtiesContextTestExecutionListener@43868b5d, org.springframework.test.context.transaction.TransactionalTestExecutionListener@332aeb89, org.springframework.test.context.jdbc.SqlScriptsTestExecutionListener@13c2977, org.springframework.boot.test.autoconfigure.restdocs.RestDocsTestExecutionListener@44930a84, org.springframework.boot.test.autoconfigure.web.client.MockRestServiceServerResetTestExecutionListener@3338ad28, org.springframework.boot.test.autoconfigure.web.servlet.MockMvcPrintOnlyOnFailureTestExecutionListener@572a6e65, org.springframework.boot.test.autoconfigure.web.servlet.WebDriverTestExecutionListener@373d9266, org.springframework.boot.test.mock.mockito.ResetMocksTestExecutionListener@6ba6692f]
]]></system-out>
  <system-err><![CDATA[]]></system-err>
</testsuite>
