<?xml version="1.0" encoding="UTF-8"?>
<testsuite name="project.repository.CategoryRepositoryTest" tests="1" skipped="0" failures="0" errors="0" timestamp="2022-06-02T14:27:58" hostname="goorm" time="0.002">
  <properties/>
  <testcase name="testApplication" classname="project.repository.CategoryRepositoryTest" time="0.002"/>
  <system-out><![CDATA[2022-06-02 14:27:58.437  INFO 7814 --- [    Test worker] .b.t.c.SpringBootTestContextBootstrapper : Neither @ContextConfiguration nor @ContextHierarchy found for test class [project.repository.CategoryRepositoryTest], using SpringBootContextLoader
2022-06-02 14:27:58.438  INFO 7814 --- [    Test worker] o.s.t.c.support.AbstractContextLoader    : Could not detect default resource locations for test class [project.repository.CategoryRepositoryTest]: no resource found for suffixes {-context.xml, Context.groovy}.
2022-06-02 14:27:58.439  INFO 7814 --- [    Test worker] t.c.s.AnnotationConfigContextLoaderUtils : Could not detect default configuration classes for test class [project.repository.CategoryRepositoryTest]: CategoryRepositoryTest does not declare any static, non-private, non-final, nested classes annotated with @Configuration.
2022-06-02 14:27:58.442  INFO 7814 --- [    Test worker] .b.t.c.SpringBootTestContextBootstrapper : Found @SpringBootConfiguration project.Application for test class project.repository.CategoryRepositoryTest
2022-06-02 14:27:58.446  INFO 7814 --- [    Test worker] .b.t.c.SpringBootTestContextBootstrapper : Loaded default TestExecutionListener class names from location [META-INF/spring.factories]: [org.springframework.boot.test.autoconfigure.restdocs.RestDocsTestExecutionListener, org.springframework.boot.test.autoconfigure.web.client.MockRestServiceServerResetTestExecutionListener, org.springframework.boot.test.autoconfigure.web.servlet.MockMvcPrintOnlyOnFailureTestExecutionListener, org.springframework.boot.test.autoconfigure.web.servlet.WebDriverTestExecutionListener, org.springframework.boot.test.mock.mockito.MockitoTestExecutionListener, org.springframework.boot.test.mock.mockito.ResetMocksTestExecutionListener, org.springframework.test.context.web.ServletTestExecutionListener, org.springframework.test.context.support.DirtiesContextBeforeModesTestExecutionListener, org.springframework.test.context.support.DependencyInjectionTestExecutionListener, org.springframework.test.context.support.DirtiesContextTestExecutionListener, org.springframework.test.context.transaction.TransactionalTestExecutionListener, org.springframework.test.context.jdbc.SqlScriptsTestExecutionListener]
2022-06-02 14:27:58.447  INFO 7814 --- [    Test worker] .b.t.c.SpringBootTestContextBootstrapper : Using TestExecutionListeners: [org.springframework.test.context.web.ServletTestExecutionListener@268e5b8f, org.springframework.test.context.support.DirtiesContextBeforeModesTestExecutionListener@5b3fe9bf, org.springframework.boot.test.mock.mockito.MockitoTestExecutionListener@67e65bbf, org.springframework.boot.test.autoconfigure.SpringBootDependencyInjectionTestExecutionListener@1ddff0e5, org.springframework.test.context.support.DirtiesContextTestExecutionListener@49d982f2, org.springframework.test.context.transaction.TransactionalTestExecutionListener@6d8fe867, org.springframework.test.context.jdbc.SqlScriptsTestExecutionListener@38617dca, org.springframework.boot.test.autoconfigure.restdocs.RestDocsTestExecutionListener@5adbeafb, org.springframework.boot.test.autoconfigure.web.client.MockRestServiceServerResetTestExecutionListener@5f903d40, org.springframework.boot.test.autoconfigure.web.servlet.MockMvcPrintOnlyOnFailureTestExecutionListener@4d4e3a05, org.springframework.boot.test.autoconfigure.web.servlet.WebDriverTestExecutionListener@7e72814b, org.springframework.boot.test.mock.mockito.ResetMocksTestExecutionListener@7b7b304c]
]]></system-out>
  <system-err><![CDATA[]]></system-err>
</testsuite>
