<?xml version="1.0" encoding="UTF-8"?>
<testsuite name="project.repository.PartnerRepositoryTest" tests="1" skipped="0" failures="0" errors="0" timestamp="2022-06-04T05:52:57" hostname="goorm" time="0.009">
  <properties/>
  <testcase name="testApplication" classname="project.repository.PartnerRepositoryTest" time="0.009"/>
  <system-out><![CDATA[2022-06-04 05:52:57.427  INFO 12705 --- [    Test worker] .b.t.c.SpringBootTestContextBootstrapper : Neither @ContextConfiguration nor @ContextHierarchy found for test class [project.repository.PartnerRepositoryTest], using SpringBootContextLoader
2022-06-04 05:52:57.428  INFO 12705 --- [    Test worker] o.s.t.c.support.AbstractContextLoader    : Could not detect default resource locations for test class [project.repository.PartnerRepositoryTest]: no resource found for suffixes {-context.xml, Context.groovy}.
2022-06-04 05:52:57.442  INFO 12705 --- [    Test worker] t.c.s.AnnotationConfigContextLoaderUtils : Could not detect default configuration classes for test class [project.repository.PartnerRepositoryTest]: PartnerRepositoryTest does not declare any static, non-private, non-final, nested classes annotated with @Configuration.
2022-06-04 05:52:57.445  INFO 12705 --- [    Test worker] .b.t.c.SpringBootTestContextBootstrapper : Found @SpringBootConfiguration project.Application for test class project.repository.PartnerRepositoryTest
2022-06-04 05:52:57.449  INFO 12705 --- [    Test worker] .b.t.c.SpringBootTestContextBootstrapper : Loaded default TestExecutionListener class names from location [META-INF/spring.factories]: [org.springframework.boot.test.autoconfigure.restdocs.RestDocsTestExecutionListener, org.springframework.boot.test.autoconfigure.web.client.MockRestServiceServerResetTestExecutionListener, org.springframework.boot.test.autoconfigure.web.servlet.MockMvcPrintOnlyOnFailureTestExecutionListener, org.springframework.boot.test.autoconfigure.web.servlet.WebDriverTestExecutionListener, org.springframework.boot.test.mock.mockito.MockitoTestExecutionListener, org.springframework.boot.test.mock.mockito.ResetMocksTestExecutionListener, org.springframework.test.context.web.ServletTestExecutionListener, org.springframework.test.context.support.DirtiesContextBeforeModesTestExecutionListener, org.springframework.test.context.support.DependencyInjectionTestExecutionListener, org.springframework.test.context.support.DirtiesContextTestExecutionListener, org.springframework.test.context.transaction.TransactionalTestExecutionListener, org.springframework.test.context.jdbc.SqlScriptsTestExecutionListener]
2022-06-04 05:52:57.450  INFO 12705 --- [    Test worker] .b.t.c.SpringBootTestContextBootstrapper : Using TestExecutionListeners: [org.springframework.test.context.web.ServletTestExecutionListener@263b648a, org.springframework.test.context.support.DirtiesContextBeforeModesTestExecutionListener@6f96a765, org.springframework.boot.test.mock.mockito.MockitoTestExecutionListener@6d1a677b, org.springframework.boot.test.autoconfigure.SpringBootDependencyInjectionTestExecutionListener@36e922f8, org.springframework.test.context.support.DirtiesContextTestExecutionListener@4b0b1f9b, org.springframework.test.context.transaction.TransactionalTestExecutionListener@117c3410, org.springframework.test.context.jdbc.SqlScriptsTestExecutionListener@2f63b8fb, org.springframework.boot.test.autoconfigure.restdocs.RestDocsTestExecutionListener@5062b10d, org.springframework.boot.test.autoconfigure.web.client.MockRestServiceServerResetTestExecutionListener@43868b5d, org.springframework.boot.test.autoconfigure.web.servlet.MockMvcPrintOnlyOnFailureTestExecutionListener@332aeb89, org.springframework.boot.test.autoconfigure.web.servlet.WebDriverTestExecutionListener@13c2977, org.springframework.boot.test.mock.mockito.ResetMocksTestExecutionListener@44930a84]
]]></system-out>
  <system-err><![CDATA[]]></system-err>
</testsuite>
