<?xml version="1.0" encoding="UTF-8"?>
<testsuite name="project.repository.AdminUserRepositoryTest" tests="1" skipped="0" failures="0" errors="0" timestamp="2021-02-13T18:06:35" hostname="goorm" time="0.009">
  <properties/>
  <testcase name="testApplication" classname="project.repository.AdminUserRepositoryTest" time="0.009"/>
  <system-out><![CDATA[2021-02-13 18:06:35.625  INFO 8759 --- [    Test worker] .b.t.c.SpringBootTestContextBootstrapper : Neither @ContextConfiguration nor @ContextHierarchy found for test class [project.repository.AdminUserRepositoryTest], using SpringBootContextLoader
2021-02-13 18:06:35.629  INFO 8759 --- [    Test worker] o.s.t.c.support.AbstractContextLoader    : Could not detect default resource locations for test class [project.repository.AdminUserRepositoryTest]: no resource found for suffixes {-context.xml, Context.groovy}.
2021-02-13 18:06:35.632  INFO 8759 --- [    Test worker] t.c.s.AnnotationConfigContextLoaderUtils : Could not detect default configuration classes for test class [project.repository.AdminUserRepositoryTest]: AdminUserRepositoryTest does not declare any static, non-private, non-final, nested classes annotated with @Configuration.
2021-02-13 18:06:35.639  INFO 8759 --- [    Test worker] .b.t.c.SpringBootTestContextBootstrapper : Found @SpringBootConfiguration project.Application for test class project.repository.AdminUserRepositoryTest
2021-02-13 18:06:35.646  INFO 8759 --- [    Test worker] .b.t.c.SpringBootTestContextBootstrapper : Loaded default TestExecutionListener class names from location [META-INF/spring.factories]: [org.springframework.boot.test.autoconfigure.restdocs.RestDocsTestExecutionListener, org.springframework.boot.test.autoconfigure.web.client.MockRestServiceServerResetTestExecutionListener, org.springframework.boot.test.autoconfigure.web.servlet.MockMvcPrintOnlyOnFailureTestExecutionListener, org.springframework.boot.test.autoconfigure.web.servlet.WebDriverTestExecutionListener, org.springframework.boot.test.mock.mockito.MockitoTestExecutionListener, org.springframework.boot.test.mock.mockito.ResetMocksTestExecutionListener, org.springframework.test.context.web.ServletTestExecutionListener, org.springframework.test.context.support.DirtiesContextBeforeModesTestExecutionListener, org.springframework.test.context.support.DependencyInjectionTestExecutionListener, org.springframework.test.context.support.DirtiesContextTestExecutionListener, org.springframework.test.context.transaction.TransactionalTestExecutionListener, org.springframework.test.context.jdbc.SqlScriptsTestExecutionListener]
2021-02-13 18:06:35.651  INFO 8759 --- [    Test worker] .b.t.c.SpringBootTestContextBootstrapper : Using TestExecutionListeners: [org.springframework.test.context.web.ServletTestExecutionListener@7d64b64e, org.springframework.test.context.support.DirtiesContextBeforeModesTestExecutionListener@14c61ec8, org.springframework.boot.test.mock.mockito.MockitoTestExecutionListener@49e98ad, org.springframework.boot.test.autoconfigure.SpringBootDependencyInjectionTestExecutionListener@25653e0c, org.springframework.test.context.support.DirtiesContextTestExecutionListener@7d6b3a28, org.springframework.test.context.transaction.TransactionalTestExecutionListener@597f5b13, org.springframework.test.context.jdbc.SqlScriptsTestExecutionListener@2954fb61, org.springframework.boot.test.autoconfigure.restdocs.RestDocsTestExecutionListener@254d3519, org.springframework.boot.test.autoconfigure.web.client.MockRestServiceServerResetTestExecutionListener@1d3e1e2, org.springframework.boot.test.autoconfigure.web.servlet.MockMvcPrintOnlyOnFailureTestExecutionListener@22d79508, org.springframework.boot.test.autoconfigure.web.servlet.WebDriverTestExecutionListener@2cd6edc0, org.springframework.boot.test.mock.mockito.ResetMocksTestExecutionListener@60ffe0be]
]]></system-out>
  <system-err><![CDATA[]]></system-err>
</testsuite>
