<?xml version="1.0" encoding="UTF-8"?>
<testsuite name="project.repository.UserRepositoryTest" tests="1" skipped="0" failures="0" errors="0" timestamp="2021-02-13T18:06:35" hostname="goorm" time="0.009">
  <properties/>
  <testcase name="testApplication" classname="project.repository.UserRepositoryTest" time="0.009"/>
  <system-out><![CDATA[2021-02-13 18:06:35.817  INFO 8759 --- [    Test worker] .b.t.c.SpringBootTestContextBootstrapper : Neither @ContextConfiguration nor @ContextHierarchy found for test class [project.repository.UserRepositoryTest], using SpringBootContextLoader
2021-02-13 18:06:35.818  INFO 8759 --- [    Test worker] o.s.t.c.support.AbstractContextLoader    : Could not detect default resource locations for test class [project.repository.UserRepositoryTest]: no resource found for suffixes {-context.xml, Context.groovy}.
2021-02-13 18:06:35.818  INFO 8759 --- [    Test worker] t.c.s.AnnotationConfigContextLoaderUtils : Could not detect default configuration classes for test class [project.repository.UserRepositoryTest]: UserRepositoryTest does not declare any static, non-private, non-final, nested classes annotated with @Configuration.
2021-02-13 18:06:35.820  INFO 8759 --- [    Test worker] .b.t.c.SpringBootTestContextBootstrapper : Found @SpringBootConfiguration project.Application for test class project.repository.UserRepositoryTest
2021-02-13 18:06:35.829  INFO 8759 --- [    Test worker] .b.t.c.SpringBootTestContextBootstrapper : Loaded default TestExecutionListener class names from location [META-INF/spring.factories]: [org.springframework.boot.test.autoconfigure.restdocs.RestDocsTestExecutionListener, org.springframework.boot.test.autoconfigure.web.client.MockRestServiceServerResetTestExecutionListener, org.springframework.boot.test.autoconfigure.web.servlet.MockMvcPrintOnlyOnFailureTestExecutionListener, org.springframework.boot.test.autoconfigure.web.servlet.WebDriverTestExecutionListener, org.springframework.boot.test.mock.mockito.MockitoTestExecutionListener, org.springframework.boot.test.mock.mockito.ResetMocksTestExecutionListener, org.springframework.test.context.web.ServletTestExecutionListener, org.springframework.test.context.support.DirtiesContextBeforeModesTestExecutionListener, org.springframework.test.context.support.DependencyInjectionTestExecutionListener, org.springframework.test.context.support.DirtiesContextTestExecutionListener, org.springframework.test.context.transaction.TransactionalTestExecutionListener, org.springframework.test.context.jdbc.SqlScriptsTestExecutionListener]
2021-02-13 18:06:35.830  INFO 8759 --- [    Test worker] .b.t.c.SpringBootTestContextBootstrapper : Using TestExecutionListeners: [org.springframework.test.context.web.ServletTestExecutionListener@4c4ea5cf, org.springframework.test.context.support.DirtiesContextBeforeModesTestExecutionListener@88894b9, org.springframework.boot.test.mock.mockito.MockitoTestExecutionListener@640fa77, org.springframework.boot.test.autoconfigure.SpringBootDependencyInjectionTestExecutionListener@2824281d, org.springframework.test.context.support.DirtiesContextTestExecutionListener@11fd800b, org.springframework.test.context.transaction.TransactionalTestExecutionListener@5d9cf3d1, org.springframework.test.context.jdbc.SqlScriptsTestExecutionListener@5c8e2957, org.springframework.boot.test.autoconfigure.restdocs.RestDocsTestExecutionListener@5563961b, org.springframework.boot.test.autoconfigure.web.client.MockRestServiceServerResetTestExecutionListener@2863b964, org.springframework.boot.test.autoconfigure.web.servlet.MockMvcPrintOnlyOnFailureTestExecutionListener@12dbd5c2, org.springframework.boot.test.autoconfigure.web.servlet.WebDriverTestExecutionListener@3fb2825f, org.springframework.boot.test.mock.mockito.ResetMocksTestExecutionListener@762808fc]
]]></system-out>
  <system-err><![CDATA[]]></system-err>
</testsuite>
