<?xml version="1.0" encoding="UTF-8"?>
<testsuite name="project.repository.ItemRepositoryTest" tests="1" skipped="0" failures="0" errors="0" timestamp="2022-06-04T06:57:39" hostname="goorm" time="0.023">
  <properties/>
  <testcase name="testApplication" classname="project.repository.ItemRepositoryTest" time="0.023"/>
  <system-out><![CDATA[2022-06-04 06:57:39.274  INFO 16795 --- [    Test worker] .b.t.c.SpringBootTestContextBootstrapper : Neither @ContextConfiguration nor @ContextHierarchy found for test class [project.repository.ItemRepositoryTest], using SpringBootContextLoader
2022-06-04 06:57:39.282  INFO 16795 --- [    Test worker] o.s.t.c.support.AbstractContextLoader    : Could not detect default resource locations for test class [project.repository.ItemRepositoryTest]: no resource found for suffixes {-context.xml, Context.groovy}.
2022-06-04 06:57:39.284  INFO 16795 --- [    Test worker] t.c.s.AnnotationConfigContextLoaderUtils : Could not detect default configuration classes for test class [project.repository.ItemRepositoryTest]: ItemRepositoryTest does not declare any static, non-private, non-final, nested classes annotated with @Configuration.
2022-06-04 06:57:39.294  INFO 16795 --- [    Test worker] .b.t.c.SpringBootTestContextBootstrapper : Found @SpringBootConfiguration project.Application for test class project.repository.ItemRepositoryTest
2022-06-04 06:57:39.305  INFO 16795 --- [    Test worker] .b.t.c.SpringBootTestContextBootstrapper : Loaded default TestExecutionListener class names from location [META-INF/spring.factories]: [org.springframework.boot.test.autoconfigure.restdocs.RestDocsTestExecutionListener, org.springframework.boot.test.autoconfigure.web.client.MockRestServiceServerResetTestExecutionListener, org.springframework.boot.test.autoconfigure.web.servlet.MockMvcPrintOnlyOnFailureTestExecutionListener, org.springframework.boot.test.autoconfigure.web.servlet.WebDriverTestExecutionListener, org.springframework.boot.test.mock.mockito.MockitoTestExecutionListener, org.springframework.boot.test.mock.mockito.ResetMocksTestExecutionListener, org.springframework.test.context.web.ServletTestExecutionListener, org.springframework.test.context.support.DirtiesContextBeforeModesTestExecutionListener, org.springframework.test.context.support.DependencyInjectionTestExecutionListener, org.springframework.test.context.support.DirtiesContextTestExecutionListener, org.springframework.test.context.transaction.TransactionalTestExecutionListener, org.springframework.test.context.jdbc.SqlScriptsTestExecutionListener]
2022-06-04 06:57:39.305  INFO 16795 --- [    Test worker] .b.t.c.SpringBootTestContextBootstrapper : Using TestExecutionListeners: [org.springframework.test.context.web.ServletTestExecutionListener@25dc34ee, org.springframework.test.context.support.DirtiesContextBeforeModesTestExecutionListener@196a399, org.springframework.boot.test.mock.mockito.MockitoTestExecutionListener@4ec7fb83, org.springframework.boot.test.autoconfigure.SpringBootDependencyInjectionTestExecutionListener@40fd9a3d, org.springframework.test.context.support.DirtiesContextTestExecutionListener@442bd88, org.springframework.test.context.transaction.TransactionalTestExecutionListener@30fc5cf2, org.springframework.test.context.jdbc.SqlScriptsTestExecutionListener@4196a28d, org.springframework.boot.test.autoconfigure.restdocs.RestDocsTestExecutionListener@6d96f4f0, org.springframework.boot.test.autoconfigure.web.client.MockRestServiceServerResetTestExecutionListener@7c29aa37, org.springframework.boot.test.autoconfigure.web.servlet.MockMvcPrintOnlyOnFailureTestExecutionListener@2ee0728c, org.springframework.boot.test.autoconfigure.web.servlet.WebDriverTestExecutionListener@5a962f17, org.springframework.boot.test.mock.mockito.ResetMocksTestExecutionListener@7d61c1]
]]></system-out>
  <system-err><![CDATA[]]></system-err>
</testsuite>
