<?xml version="1.0" encoding="UTF-8"?>
<testsuite name="project.sample.ItemSample" tests="1" skipped="0" failures="0" errors="0" timestamp="2021-02-13T18:06:35" hostname="goorm" time="0.006">
  <properties/>
  <testcase name="testApplication" classname="project.sample.ItemSample" time="0.006"/>
  <system-out><![CDATA[2021-02-13 18:06:35.361  INFO 8759 --- [    Test worker] .b.t.c.SpringBootTestContextBootstrapper : Neither @ContextConfiguration nor @ContextHierarchy found for test class [project.sample.ItemSample], using SpringBootContextLoader
2021-02-13 18:06:35.363  INFO 8759 --- [    Test worker] o.s.t.c.support.AbstractContextLoader    : Could not detect default resource locations for test class [project.sample.ItemSample]: no resource found for suffixes {-context.xml, Context.groovy}.
2021-02-13 18:06:35.367  INFO 8759 --- [    Test worker] t.c.s.AnnotationConfigContextLoaderUtils : Could not detect default configuration classes for test class [project.sample.ItemSample]: ItemSample does not declare any static, non-private, non-final, nested classes annotated with @Configuration.
2021-02-13 18:06:35.372  INFO 8759 --- [    Test worker] .b.t.c.SpringBootTestContextBootstrapper : Found @SpringBootConfiguration project.Application for test class project.sample.ItemSample
2021-02-13 18:06:35.376  INFO 8759 --- [    Test worker] .b.t.c.SpringBootTestContextBootstrapper : Loaded default TestExecutionListener class names from location [META-INF/spring.factories]: [org.springframework.boot.test.autoconfigure.restdocs.RestDocsTestExecutionListener, org.springframework.boot.test.autoconfigure.web.client.MockRestServiceServerResetTestExecutionListener, org.springframework.boot.test.autoconfigure.web.servlet.MockMvcPrintOnlyOnFailureTestExecutionListener, org.springframework.boot.test.autoconfigure.web.servlet.WebDriverTestExecutionListener, org.springframework.boot.test.mock.mockito.MockitoTestExecutionListener, org.springframework.boot.test.mock.mockito.ResetMocksTestExecutionListener, org.springframework.test.context.web.ServletTestExecutionListener, org.springframework.test.context.support.DirtiesContextBeforeModesTestExecutionListener, org.springframework.test.context.support.DependencyInjectionTestExecutionListener, org.springframework.test.context.support.DirtiesContextTestExecutionListener, org.springframework.test.context.transaction.TransactionalTestExecutionListener, org.springframework.test.context.jdbc.SqlScriptsTestExecutionListener]
2021-02-13 18:06:35.383  INFO 8759 --- [    Test worker] .b.t.c.SpringBootTestContextBootstrapper : Using TestExecutionListeners: [org.springframework.test.context.web.ServletTestExecutionListener@7add4f78, org.springframework.test.context.support.DirtiesContextBeforeModesTestExecutionListener@748a6ffc, org.springframework.boot.test.mock.mockito.MockitoTestExecutionListener@301f5b83, org.springframework.boot.test.autoconfigure.SpringBootDependencyInjectionTestExecutionListener@36db791d, org.springframework.test.context.support.DirtiesContextTestExecutionListener@26ed4631, org.springframework.test.context.transaction.TransactionalTestExecutionListener@1bf389f, org.springframework.test.context.jdbc.SqlScriptsTestExecutionListener@4b36a868, org.springframework.boot.test.autoconfigure.restdocs.RestDocsTestExecutionListener@26483382, org.springframework.boot.test.autoconfigure.web.client.MockRestServiceServerResetTestExecutionListener@6ad835b4, org.springframework.boot.test.autoconfigure.web.servlet.MockMvcPrintOnlyOnFailureTestExecutionListener@12db93b0, org.springframework.boot.test.autoconfigure.web.servlet.WebDriverTestExecutionListener@6cd01c6b, org.springframework.boot.test.mock.mockito.ResetMocksTestExecutionListener@be3f650]
]]></system-out>
  <system-err><![CDATA[]]></system-err>
</testsuite>
