<?xml version="1.0" encoding="UTF-8"?>
<testsuite name="project.sample.ItemSample" tests="1" skipped="0" failures="0" errors="0" timestamp="2022-06-02T14:27:58" hostname="goorm" time="0.004">
  <properties/>
  <testcase name="testApplication" classname="project.sample.ItemSample" time="0.004"/>
  <system-out><![CDATA[2022-06-02 14:27:58.202  INFO 7814 --- [    Test worker] .b.t.c.SpringBootTestContextBootstrapper : Neither @ContextConfiguration nor @ContextHierarchy found for test class [project.sample.ItemSample], using SpringBootContextLoader
2022-06-02 14:27:58.202  INFO 7814 --- [    Test worker] o.s.t.c.support.AbstractContextLoader    : Could not detect default resource locations for test class [project.sample.ItemSample]: no resource found for suffixes {-context.xml, Context.groovy}.
2022-06-02 14:27:58.203  INFO 7814 --- [    Test worker] t.c.s.AnnotationConfigContextLoaderUtils : Could not detect default configuration classes for test class [project.sample.ItemSample]: ItemSample does not declare any static, non-private, non-final, nested classes annotated with @Configuration.
2022-06-02 14:27:58.241  INFO 7814 --- [    Test worker] .b.t.c.SpringBootTestContextBootstrapper : Found @SpringBootConfiguration project.Application for test class project.sample.ItemSample
2022-06-02 14:27:58.244  INFO 7814 --- [    Test worker] .b.t.c.SpringBootTestContextBootstrapper : Loaded default TestExecutionListener class names from location [META-INF/spring.factories]: [org.springframework.boot.test.autoconfigure.restdocs.RestDocsTestExecutionListener, org.springframework.boot.test.autoconfigure.web.client.MockRestServiceServerResetTestExecutionListener, org.springframework.boot.test.autoconfigure.web.servlet.MockMvcPrintOnlyOnFailureTestExecutionListener, org.springframework.boot.test.autoconfigure.web.servlet.WebDriverTestExecutionListener, org.springframework.boot.test.mock.mockito.MockitoTestExecutionListener, org.springframework.boot.test.mock.mockito.ResetMocksTestExecutionListener, org.springframework.test.context.web.ServletTestExecutionListener, org.springframework.test.context.support.DirtiesContextBeforeModesTestExecutionListener, org.springframework.test.context.support.DependencyInjectionTestExecutionListener, org.springframework.test.context.support.DirtiesContextTestExecutionListener, org.springframework.test.context.transaction.TransactionalTestExecutionListener, org.springframework.test.context.jdbc.SqlScriptsTestExecutionListener]
2022-06-02 14:27:58.245  INFO 7814 --- [    Test worker] .b.t.c.SpringBootTestContextBootstrapper : Using TestExecutionListeners: [org.springframework.test.context.web.ServletTestExecutionListener@bef76c5, org.springframework.test.context.support.DirtiesContextBeforeModesTestExecutionListener@4285bc23, org.springframework.boot.test.mock.mockito.MockitoTestExecutionListener@1c7b3c57, org.springframework.boot.test.autoconfigure.SpringBootDependencyInjectionTestExecutionListener@61532eab, org.springframework.test.context.support.DirtiesContextTestExecutionListener@11fa351a, org.springframework.test.context.transaction.TransactionalTestExecutionListener@7e71f7a2, org.springframework.test.context.jdbc.SqlScriptsTestExecutionListener@3b2df5bf, org.springframework.boot.test.autoconfigure.restdocs.RestDocsTestExecutionListener@4373a207, org.springframework.boot.test.autoconfigure.web.client.MockRestServiceServerResetTestExecutionListener@3e11d96, org.springframework.boot.test.autoconfigure.web.servlet.MockMvcPrintOnlyOnFailureTestExecutionListener@725c26af, org.springframework.boot.test.autoconfigure.web.servlet.WebDriverTestExecutionListener@2688b556, org.springframework.boot.test.mock.mockito.ResetMocksTestExecutionListener@7835581a]
]]></system-out>
  <system-err><![CDATA[]]></system-err>
</testsuite>
