<?xml version="1.0" encoding="UTF-8"?>
<testsuite name="project.repository.AdminUserRepositoryTest" tests="1" skipped="0" failures="0" errors="0" timestamp="2022-06-04T06:57:39" hostname="goorm" time="0.012">
  <properties/>
  <testcase name="testApplication" classname="project.repository.AdminUserRepositoryTest" time="0.012"/>
  <system-out><![CDATA[2022-06-04 06:57:39.149  INFO 16795 --- [    Test worker] .b.t.c.SpringBootTestContextBootstrapper : Neither @ContextConfiguration nor @ContextHierarchy found for test class [project.repository.AdminUserRepositoryTest], using SpringBootContextLoader
2022-06-04 06:57:39.151  INFO 16795 --- [    Test worker] o.s.t.c.support.AbstractContextLoader    : Could not detect default resource locations for test class [project.repository.AdminUserRepositoryTest]: no resource found for suffixes {-context.xml, Context.groovy}.
2022-06-04 06:57:39.155  INFO 16795 --- [    Test worker] t.c.s.AnnotationConfigContextLoaderUtils : Could not detect default configuration classes for test class [project.repository.AdminUserRepositoryTest]: AdminUserRepositoryTest does not declare any static, non-private, non-final, nested classes annotated with @Configuration.
2022-06-04 06:57:39.157  INFO 16795 --- [    Test worker] .b.t.c.SpringBootTestContextBootstrapper : Found @SpringBootConfiguration project.Application for test class project.repository.AdminUserRepositoryTest
2022-06-04 06:57:39.160  INFO 16795 --- [    Test worker] .b.t.c.SpringBootTestContextBootstrapper : Loaded default TestExecutionListener class names from location [META-INF/spring.factories]: [org.springframework.boot.test.autoconfigure.restdocs.RestDocsTestExecutionListener, org.springframework.boot.test.autoconfigure.web.client.MockRestServiceServerResetTestExecutionListener, org.springframework.boot.test.autoconfigure.web.servlet.MockMvcPrintOnlyOnFailureTestExecutionListener, org.springframework.boot.test.autoconfigure.web.servlet.WebDriverTestExecutionListener, org.springframework.boot.test.mock.mockito.MockitoTestExecutionListener, org.springframework.boot.test.mock.mockito.ResetMocksTestExecutionListener, org.springframework.test.context.web.ServletTestExecutionListener, org.springframework.test.context.support.DirtiesContextBeforeModesTestExecutionListener, org.springframework.test.context.support.DependencyInjectionTestExecutionListener, org.springframework.test.context.support.DirtiesContextTestExecutionListener, org.springframework.test.context.transaction.TransactionalTestExecutionListener, org.springframework.test.context.jdbc.SqlScriptsTestExecutionListener]
2022-06-04 06:57:39.160  INFO 16795 --- [    Test worker] .b.t.c.SpringBootTestContextBootstrapper : Using TestExecutionListeners: [org.springframework.test.context.web.ServletTestExecutionListener@1866204d, org.springframework.test.context.support.DirtiesContextBeforeModesTestExecutionListener@7a694709, org.springframework.boot.test.mock.mockito.MockitoTestExecutionListener@27ca7281, org.springframework.boot.test.autoconfigure.SpringBootDependencyInjectionTestExecutionListener@71852a94, org.springframework.test.context.support.DirtiesContextTestExecutionListener@584818a1, org.springframework.test.context.transaction.TransactionalTestExecutionListener@68a94dae, org.springframework.test.context.jdbc.SqlScriptsTestExecutionListener@1c037440, org.springframework.boot.test.autoconfigure.restdocs.RestDocsTestExecutionListener@440a2cde, org.springframework.boot.test.autoconfigure.web.client.MockRestServiceServerResetTestExecutionListener@5c9fa9ee, org.springframework.boot.test.autoconfigure.web.servlet.MockMvcPrintOnlyOnFailureTestExecutionListener@7ef94bee, org.springframework.boot.test.autoconfigure.web.servlet.WebDriverTestExecutionListener@795f9105, org.springframework.boot.test.mock.mockito.ResetMocksTestExecutionListener@6ca62e2c]
]]></system-out>
  <system-err><![CDATA[]]></system-err>
</testsuite>
