<?xml version="1.0" encoding="UTF-8"?>
<testsuite name="project.repository.PartnerRepositoryTest" tests="1" skipped="0" failures="0" errors="0" timestamp="2022-06-04T06:57:39" hostname="goorm" time="0.014">
  <properties/>
  <testcase name="testApplication" classname="project.repository.PartnerRepositoryTest" time="0.014"/>
  <system-out><![CDATA[2022-06-04 06:57:39.197  INFO 16795 --- [    Test worker] .b.t.c.SpringBootTestContextBootstrapper : Neither @ContextConfiguration nor @ContextHierarchy found for test class [project.repository.PartnerRepositoryTest], using SpringBootContextLoader
2022-06-04 06:57:39.198  INFO 16795 --- [    Test worker] o.s.t.c.support.AbstractContextLoader    : Could not detect default resource locations for test class [project.repository.PartnerRepositoryTest]: no resource found for suffixes {-context.xml, Context.groovy}.
2022-06-04 06:57:39.198  INFO 16795 --- [    Test worker] t.c.s.AnnotationConfigContextLoaderUtils : Could not detect default configuration classes for test class [project.repository.PartnerRepositoryTest]: PartnerRepositoryTest does not declare any static, non-private, non-final, nested classes annotated with @Configuration.
2022-06-04 06:57:39.227  INFO 16795 --- [    Test worker] .b.t.c.SpringBootTestContextBootstrapper : Found @SpringBootConfiguration project.Application for test class project.repository.PartnerRepositoryTest
2022-06-04 06:57:39.229  INFO 16795 --- [    Test worker] .b.t.c.SpringBootTestContextBootstrapper : Loaded default TestExecutionListener class names from location [META-INF/spring.factories]: [org.springframework.boot.test.autoconfigure.restdocs.RestDocsTestExecutionListener, org.springframework.boot.test.autoconfigure.web.client.MockRestServiceServerResetTestExecutionListener, org.springframework.boot.test.autoconfigure.web.servlet.MockMvcPrintOnlyOnFailureTestExecutionListener, org.springframework.boot.test.autoconfigure.web.servlet.WebDriverTestExecutionListener, org.springframework.boot.test.mock.mockito.MockitoTestExecutionListener, org.springframework.boot.test.mock.mockito.ResetMocksTestExecutionListener, org.springframework.test.context.web.ServletTestExecutionListener, org.springframework.test.context.support.DirtiesContextBeforeModesTestExecutionListener, org.springframework.test.context.support.DependencyInjectionTestExecutionListener, org.springframework.test.context.support.DirtiesContextTestExecutionListener, org.springframework.test.context.transaction.TransactionalTestExecutionListener, org.springframework.test.context.jdbc.SqlScriptsTestExecutionListener]
2022-06-04 06:57:39.230  INFO 16795 --- [    Test worker] .b.t.c.SpringBootTestContextBootstrapper : Using TestExecutionListeners: [org.springframework.test.context.web.ServletTestExecutionListener@10c1a19, org.springframework.test.context.support.DirtiesContextBeforeModesTestExecutionListener@43a209a3, org.springframework.boot.test.mock.mockito.MockitoTestExecutionListener@8b8a92a, org.springframework.boot.test.autoconfigure.SpringBootDependencyInjectionTestExecutionListener@9b07d9b, org.springframework.test.context.support.DirtiesContextTestExecutionListener@680d6266, org.springframework.test.context.transaction.TransactionalTestExecutionListener@3bb181d5, org.springframework.test.context.jdbc.SqlScriptsTestExecutionListener@760d9e70, org.springframework.boot.test.autoconfigure.restdocs.RestDocsTestExecutionListener@7c5b798f, org.springframework.boot.test.autoconfigure.web.client.MockRestServiceServerResetTestExecutionListener@7fc62a30, org.springframework.boot.test.autoconfigure.web.servlet.MockMvcPrintOnlyOnFailureTestExecutionListener@484eb334, org.springframework.boot.test.autoconfigure.web.servlet.WebDriverTestExecutionListener@522a5a53, org.springframework.boot.test.mock.mockito.ResetMocksTestExecutionListener@759ad698]
]]></system-out>
  <system-err><![CDATA[]]></system-err>
</testsuite>
