<?xml version="1.0" encoding="UTF-8"?>
<testsuite name="project.sample.PartnerSample" tests="1" skipped="0" failures="0" errors="0" timestamp="2021-02-13T18:06:35" hostname="goorm" time="0.004">
  <properties/>
  <testcase name="testApplication" classname="project.sample.PartnerSample" time="0.004"/>
  <system-out><![CDATA[2021-02-13 18:06:35.409  INFO 8759 --- [    Test worker] .b.t.c.SpringBootTestContextBootstrapper : Neither @ContextConfiguration nor @ContextHierarchy found for test class [project.sample.PartnerSample], using SpringBootContextLoader
2021-02-13 18:06:35.413  INFO 8759 --- [    Test worker] o.s.t.c.support.AbstractContextLoader    : Could not detect default resource locations for test class [project.sample.PartnerSample]: no resource found for suffixes {-context.xml, Context.groovy}.
2021-02-13 18:06:35.413  INFO 8759 --- [    Test worker] t.c.s.AnnotationConfigContextLoaderUtils : Could not detect default configuration classes for test class [project.sample.PartnerSample]: PartnerSample does not declare any static, non-private, non-final, nested classes annotated with @Configuration.
2021-02-13 18:06:35.417  INFO 8759 --- [    Test worker] .b.t.c.SpringBootTestContextBootstrapper : Found @SpringBootConfiguration project.Application for test class project.sample.PartnerSample
2021-02-13 18:06:35.420  INFO 8759 --- [    Test worker] .b.t.c.SpringBootTestContextBootstrapper : Loaded default TestExecutionListener class names from location [META-INF/spring.factories]: [org.springframework.boot.test.autoconfigure.restdocs.RestDocsTestExecutionListener, org.springframework.boot.test.autoconfigure.web.client.MockRestServiceServerResetTestExecutionListener, org.springframework.boot.test.autoconfigure.web.servlet.MockMvcPrintOnlyOnFailureTestExecutionListener, org.springframework.boot.test.autoconfigure.web.servlet.WebDriverTestExecutionListener, org.springframework.boot.test.mock.mockito.MockitoTestExecutionListener, org.springframework.boot.test.mock.mockito.ResetMocksTestExecutionListener, org.springframework.test.context.web.ServletTestExecutionListener, org.springframework.test.context.support.DirtiesContextBeforeModesTestExecutionListener, org.springframework.test.context.support.DependencyInjectionTestExecutionListener, org.springframework.test.context.support.DirtiesContextTestExecutionListener, org.springframework.test.context.transaction.TransactionalTestExecutionListener, org.springframework.test.context.jdbc.SqlScriptsTestExecutionListener]
2021-02-13 18:06:35.422  INFO 8759 --- [    Test worker] .b.t.c.SpringBootTestContextBootstrapper : Using TestExecutionListeners: [org.springframework.test.context.web.ServletTestExecutionListener@497d415f, org.springframework.test.context.support.DirtiesContextBeforeModesTestExecutionListener@2765fd88, org.springframework.boot.test.mock.mockito.MockitoTestExecutionListener@6ad6047b, org.springframework.boot.test.autoconfigure.SpringBootDependencyInjectionTestExecutionListener@436ac208, org.springframework.test.context.support.DirtiesContextTestExecutionListener@60be1483, org.springframework.test.context.transaction.TransactionalTestExecutionListener@683f2ca1, org.springframework.test.context.jdbc.SqlScriptsTestExecutionListener@32900801, org.springframework.boot.test.autoconfigure.restdocs.RestDocsTestExecutionListener@277ff6d9, org.springframework.boot.test.autoconfigure.web.client.MockRestServiceServerResetTestExecutionListener@37f5f4b9, org.springframework.boot.test.autoconfigure.web.servlet.MockMvcPrintOnlyOnFailureTestExecutionListener@263e8cc2, org.springframework.boot.test.autoconfigure.web.servlet.WebDriverTestExecutionListener@145c4804, org.springframework.boot.test.mock.mockito.ResetMocksTestExecutionListener@4ccdbd68]
]]></system-out>
  <system-err><![CDATA[]]></system-err>
</testsuite>
