<?xml version="1.0" encoding="UTF-8"?>
<testsuite name="project.sample.PartnerSample" tests="1" skipped="0" failures="0" errors="0" timestamp="2022-06-02T14:27:58" hostname="goorm" time="0.007">
  <properties/>
  <testcase name="testApplication" classname="project.sample.PartnerSample" time="0.007"/>
  <system-out><![CDATA[2022-06-02 14:27:58.260  INFO 7814 --- [    Test worker] .b.t.c.SpringBootTestContextBootstrapper : Neither @ContextConfiguration nor @ContextHierarchy found for test class [project.sample.PartnerSample], using SpringBootContextLoader
2022-06-02 14:27:58.261  INFO 7814 --- [    Test worker] o.s.t.c.support.AbstractContextLoader    : Could not detect default resource locations for test class [project.sample.PartnerSample]: no resource found for suffixes {-context.xml, Context.groovy}.
2022-06-02 14:27:58.262  INFO 7814 --- [    Test worker] t.c.s.AnnotationConfigContextLoaderUtils : Could not detect default configuration classes for test class [project.sample.PartnerSample]: PartnerSample does not declare any static, non-private, non-final, nested classes annotated with @Configuration.
2022-06-02 14:27:58.264  INFO 7814 --- [    Test worker] .b.t.c.SpringBootTestContextBootstrapper : Found @SpringBootConfiguration project.Application for test class project.sample.PartnerSample
2022-06-02 14:27:58.265  INFO 7814 --- [    Test worker] .b.t.c.SpringBootTestContextBootstrapper : Loaded default TestExecutionListener class names from location [META-INF/spring.factories]: [org.springframework.boot.test.autoconfigure.restdocs.RestDocsTestExecutionListener, org.springframework.boot.test.autoconfigure.web.client.MockRestServiceServerResetTestExecutionListener, org.springframework.boot.test.autoconfigure.web.servlet.MockMvcPrintOnlyOnFailureTestExecutionListener, org.springframework.boot.test.autoconfigure.web.servlet.WebDriverTestExecutionListener, org.springframework.boot.test.mock.mockito.MockitoTestExecutionListener, org.springframework.boot.test.mock.mockito.ResetMocksTestExecutionListener, org.springframework.test.context.web.ServletTestExecutionListener, org.springframework.test.context.support.DirtiesContextBeforeModesTestExecutionListener, org.springframework.test.context.support.DependencyInjectionTestExecutionListener, org.springframework.test.context.support.DirtiesContextTestExecutionListener, org.springframework.test.context.transaction.TransactionalTestExecutionListener, org.springframework.test.context.jdbc.SqlScriptsTestExecutionListener]
2022-06-02 14:27:58.265  INFO 7814 --- [    Test worker] .b.t.c.SpringBootTestContextBootstrapper : Using TestExecutionListeners: [org.springframework.test.context.web.ServletTestExecutionListener@57b82227, org.springframework.test.context.support.DirtiesContextBeforeModesTestExecutionListener@7afa9799, org.springframework.boot.test.mock.mockito.MockitoTestExecutionListener@d7a18f5, org.springframework.boot.test.autoconfigure.SpringBootDependencyInjectionTestExecutionListener@43fff8f3, org.springframework.test.context.support.DirtiesContextTestExecutionListener@55c053b1, org.springframework.test.context.transaction.TransactionalTestExecutionListener@7ba840cf, org.springframework.test.context.jdbc.SqlScriptsTestExecutionListener@26c842ff, org.springframework.boot.test.autoconfigure.restdocs.RestDocsTestExecutionListener@1acc0eb5, org.springframework.boot.test.autoconfigure.web.client.MockRestServiceServerResetTestExecutionListener@4dc69b86, org.springframework.boot.test.autoconfigure.web.servlet.MockMvcPrintOnlyOnFailureTestExecutionListener@745114c9, org.springframework.boot.test.autoconfigure.web.servlet.WebDriverTestExecutionListener@106a6f06, org.springframework.boot.test.mock.mockito.ResetMocksTestExecutionListener@6a297218]
]]></system-out>
  <system-err><![CDATA[]]></system-err>
</testsuite>
