<?xml version="1.0" encoding="UTF-8"?>
<testsuite name="project.sample.OrderDetailSample" tests="1" skipped="0" failures="0" errors="0" timestamp="2022-06-02T14:27:58" hostname="goorm" time="0.002">
  <properties/>
  <testcase name="testApplication" classname="project.sample.OrderDetailSample" time="0.002"/>
  <system-out><![CDATA[2022-06-02 14:27:58.291  INFO 7814 --- [    Test worker] .b.t.c.SpringBootTestContextBootstrapper : Neither @ContextConfiguration nor @ContextHierarchy found for test class [project.sample.OrderDetailSample], using SpringBootContextLoader
2022-06-02 14:27:58.291  INFO 7814 --- [    Test worker] o.s.t.c.support.AbstractContextLoader    : Could not detect default resource locations for test class [project.sample.OrderDetailSample]: no resource found for suffixes {-context.xml, Context.groovy}.
2022-06-02 14:27:58.292  INFO 7814 --- [    Test worker] t.c.s.AnnotationConfigContextLoaderUtils : Could not detect default configuration classes for test class [project.sample.OrderDetailSample]: OrderDetailSample does not declare any static, non-private, non-final, nested classes annotated with @Configuration.
2022-06-02 14:27:58.294  INFO 7814 --- [    Test worker] .b.t.c.SpringBootTestContextBootstrapper : Found @SpringBootConfiguration project.Application for test class project.sample.OrderDetailSample
2022-06-02 14:27:58.295  INFO 7814 --- [    Test worker] .b.t.c.SpringBootTestContextBootstrapper : Loaded default TestExecutionListener class names from location [META-INF/spring.factories]: [org.springframework.boot.test.autoconfigure.restdocs.RestDocsTestExecutionListener, org.springframework.boot.test.autoconfigure.web.client.MockRestServiceServerResetTestExecutionListener, org.springframework.boot.test.autoconfigure.web.servlet.MockMvcPrintOnlyOnFailureTestExecutionListener, org.springframework.boot.test.autoconfigure.web.servlet.WebDriverTestExecutionListener, org.springframework.boot.test.mock.mockito.MockitoTestExecutionListener, org.springframework.boot.test.mock.mockito.ResetMocksTestExecutionListener, org.springframework.test.context.web.ServletTestExecutionListener, org.springframework.test.context.support.DirtiesContextBeforeModesTestExecutionListener, org.springframework.test.context.support.DependencyInjectionTestExecutionListener, org.springframework.test.context.support.DirtiesContextTestExecutionListener, org.springframework.test.context.transaction.TransactionalTestExecutionListener, org.springframework.test.context.jdbc.SqlScriptsTestExecutionListener]
2022-06-02 14:27:58.296  INFO 7814 --- [    Test worker] .b.t.c.SpringBootTestContextBootstrapper : Using TestExecutionListeners: [org.springframework.test.context.web.ServletTestExecutionListener@3e0d8203, org.springframework.test.context.support.DirtiesContextBeforeModesTestExecutionListener@a572140, org.springframework.boot.test.mock.mockito.MockitoTestExecutionListener@17164b27, org.springframework.boot.test.autoconfigure.SpringBootDependencyInjectionTestExecutionListener@d8fdada, org.springframework.test.context.support.DirtiesContextTestExecutionListener@5fc04cf2, org.springframework.test.context.transaction.TransactionalTestExecutionListener@6cae2b6b, org.springframework.test.context.jdbc.SqlScriptsTestExecutionListener@49c40aaa, org.springframework.boot.test.autoconfigure.restdocs.RestDocsTestExecutionListener@3a6e4042, org.springframework.boot.test.autoconfigure.web.client.MockRestServiceServerResetTestExecutionListener@67143c21, org.springframework.boot.test.autoconfigure.web.servlet.MockMvcPrintOnlyOnFailureTestExecutionListener@7a7ca6db, org.springframework.boot.test.autoconfigure.web.servlet.WebDriverTestExecutionListener@13046264, org.springframework.boot.test.mock.mockito.ResetMocksTestExecutionListener@5b204c16]
]]></system-out>
  <system-err><![CDATA[]]></system-err>
</testsuite>
