<?xml version="1.0" encoding="UTF-8"?>
<testsuite name="project.repository.PartnerRepositoryTest" tests="1" skipped="0" failures="0" errors="0" timestamp="2021-02-13T18:06:35" hostname="goorm" time="0.012">
  <properties/>
  <testcase name="testApplication" classname="project.repository.PartnerRepositoryTest" time="0.012"/>
  <system-out><![CDATA[2021-02-13 18:06:35.686  INFO 8759 --- [    Test worker] .b.t.c.SpringBootTestContextBootstrapper : Neither @ContextConfiguration nor @ContextHierarchy found for test class [project.repository.PartnerRepositoryTest], using SpringBootContextLoader
2021-02-13 18:06:35.688  INFO 8759 --- [    Test worker] o.s.t.c.support.AbstractContextLoader    : Could not detect default resource locations for test class [project.repository.PartnerRepositoryTest]: no resource found for suffixes {-context.xml, Context.groovy}.
2021-02-13 18:06:35.689  INFO 8759 --- [    Test worker] t.c.s.AnnotationConfigContextLoaderUtils : Could not detect default configuration classes for test class [project.repository.PartnerRepositoryTest]: PartnerRepositoryTest does not declare any static, non-private, non-final, nested classes annotated with @Configuration.
2021-02-13 18:06:35.693  INFO 8759 --- [    Test worker] .b.t.c.SpringBootTestContextBootstrapper : Found @SpringBootConfiguration project.Application for test class project.repository.PartnerRepositoryTest
2021-02-13 18:06:35.701  INFO 8759 --- [    Test worker] .b.t.c.SpringBootTestContextBootstrapper : Loaded default TestExecutionListener class names from location [META-INF/spring.factories]: [org.springframework.boot.test.autoconfigure.restdocs.RestDocsTestExecutionListener, org.springframework.boot.test.autoconfigure.web.client.MockRestServiceServerResetTestExecutionListener, org.springframework.boot.test.autoconfigure.web.servlet.MockMvcPrintOnlyOnFailureTestExecutionListener, org.springframework.boot.test.autoconfigure.web.servlet.WebDriverTestExecutionListener, org.springframework.boot.test.mock.mockito.MockitoTestExecutionListener, org.springframework.boot.test.mock.mockito.ResetMocksTestExecutionListener, org.springframework.test.context.web.ServletTestExecutionListener, org.springframework.test.context.support.DirtiesContextBeforeModesTestExecutionListener, org.springframework.test.context.support.DependencyInjectionTestExecutionListener, org.springframework.test.context.support.DirtiesContextTestExecutionListener, org.springframework.test.context.transaction.TransactionalTestExecutionListener, org.springframework.test.context.jdbc.SqlScriptsTestExecutionListener]
2021-02-13 18:06:35.703  INFO 8759 --- [    Test worker] .b.t.c.SpringBootTestContextBootstrapper : Using TestExecutionListeners: [org.springframework.test.context.web.ServletTestExecutionListener@77407624, org.springframework.test.context.support.DirtiesContextBeforeModesTestExecutionListener@7551a68f, org.springframework.boot.test.mock.mockito.MockitoTestExecutionListener@473b405a, org.springframework.boot.test.autoconfigure.SpringBootDependencyInjectionTestExecutionListener@660916cf, org.springframework.test.context.support.DirtiesContextTestExecutionListener@120cbd7c, org.springframework.test.context.transaction.TransactionalTestExecutionListener@6a11146c, org.springframework.test.context.jdbc.SqlScriptsTestExecutionListener@77b5a0e4, org.springframework.boot.test.autoconfigure.restdocs.RestDocsTestExecutionListener@59247fb3, org.springframework.boot.test.autoconfigure.web.client.MockRestServiceServerResetTestExecutionListener@2e34ceb6, org.springframework.boot.test.autoconfigure.web.servlet.MockMvcPrintOnlyOnFailureTestExecutionListener@4ce41d68, org.springframework.boot.test.autoconfigure.web.servlet.WebDriverTestExecutionListener@168c3690, org.springframework.boot.test.mock.mockito.ResetMocksTestExecutionListener@6c2f0a15]
]]></system-out>
  <system-err><![CDATA[]]></system-err>
</testsuite>
