<?xml version="1.0" encoding="UTF-8"?>
<testsuite name="project.repository.OrderGroupRepositoryTest" tests="1" skipped="0" failures="0" errors="0" timestamp="2022-06-02T14:27:58" hostname="goorm" time="0.011">
  <properties/>
  <testcase name="testApplication" classname="project.repository.OrderGroupRepositoryTest" time="0.011"/>
  <system-out><![CDATA[2022-06-02 14:27:58.398  INFO 7814 --- [    Test worker] .b.t.c.SpringBootTestContextBootstrapper : Neither @ContextConfiguration nor @ContextHierarchy found for test class [project.repository.OrderGroupRepositoryTest], using SpringBootContextLoader
2022-06-02 14:27:58.400  INFO 7814 --- [    Test worker] o.s.t.c.support.AbstractContextLoader    : Could not detect default resource locations for test class [project.repository.OrderGroupRepositoryTest]: no resource found for suffixes {-context.xml, Context.groovy}.
2022-06-02 14:27:58.400  INFO 7814 --- [    Test worker] t.c.s.AnnotationConfigContextLoaderUtils : Could not detect default configuration classes for test class [project.repository.OrderGroupRepositoryTest]: OrderGroupRepositoryTest does not declare any static, non-private, non-final, nested classes annotated with @Configuration.
2022-06-02 14:27:58.402  INFO 7814 --- [    Test worker] .b.t.c.SpringBootTestContextBootstrapper : Found @SpringBootConfiguration project.Application for test class project.repository.OrderGroupRepositoryTest
2022-06-02 14:27:58.404  INFO 7814 --- [    Test worker] .b.t.c.SpringBootTestContextBootstrapper : Loaded default TestExecutionListener class names from location [META-INF/spring.factories]: [org.springframework.boot.test.autoconfigure.restdocs.RestDocsTestExecutionListener, org.springframework.boot.test.autoconfigure.web.client.MockRestServiceServerResetTestExecutionListener, org.springframework.boot.test.autoconfigure.web.servlet.MockMvcPrintOnlyOnFailureTestExecutionListener, org.springframework.boot.test.autoconfigure.web.servlet.WebDriverTestExecutionListener, org.springframework.boot.test.mock.mockito.MockitoTestExecutionListener, org.springframework.boot.test.mock.mockito.ResetMocksTestExecutionListener, org.springframework.test.context.web.ServletTestExecutionListener, org.springframework.test.context.support.DirtiesContextBeforeModesTestExecutionListener, org.springframework.test.context.support.DependencyInjectionTestExecutionListener, org.springframework.test.context.support.DirtiesContextTestExecutionListener, org.springframework.test.context.transaction.TransactionalTestExecutionListener, org.springframework.test.context.jdbc.SqlScriptsTestExecutionListener]
2022-06-02 14:27:58.405  INFO 7814 --- [    Test worker] .b.t.c.SpringBootTestContextBootstrapper : Using TestExecutionListeners: [org.springframework.test.context.web.ServletTestExecutionListener@6e6f30a4, org.springframework.test.context.support.DirtiesContextBeforeModesTestExecutionListener@6b16b847, org.springframework.boot.test.mock.mockito.MockitoTestExecutionListener@328520d3, org.springframework.boot.test.autoconfigure.SpringBootDependencyInjectionTestExecutionListener@5c5e6f84, org.springframework.test.context.support.DirtiesContextTestExecutionListener@4ba39ebb, org.springframework.test.context.transaction.TransactionalTestExecutionListener@15a9c308, org.springframework.test.context.jdbc.SqlScriptsTestExecutionListener@eb1ead6, org.springframework.boot.test.autoconfigure.restdocs.RestDocsTestExecutionListener@213c86cb, org.springframework.boot.test.autoconfigure.web.client.MockRestServiceServerResetTestExecutionListener@763d8211, org.springframework.boot.test.autoconfigure.web.servlet.MockMvcPrintOnlyOnFailureTestExecutionListener@2d57ae5d, org.springframework.boot.test.autoconfigure.web.servlet.WebDriverTestExecutionListener@2c31167b, org.springframework.boot.test.mock.mockito.ResetMocksTestExecutionListener@697ed7e8]
]]></system-out>
  <system-err><![CDATA[]]></system-err>
</testsuite>
