<?xml version="1.0" encoding="UTF-8"?>
<testsuite name="project.sample.ItemSample" tests="1" skipped="0" failures="0" errors="0" timestamp="2022-06-04T06:57:38" hostname="goorm" time="0.048">
  <properties/>
  <testcase name="testApplication" classname="project.sample.ItemSample" time="0.048"/>
  <system-out><![CDATA[2022-06-04 06:57:38.552  INFO 16795 --- [    Test worker] .b.t.c.SpringBootTestContextBootstrapper : Neither @ContextConfiguration nor @ContextHierarchy found for test class [project.sample.ItemSample], using SpringBootContextLoader
2022-06-04 06:57:38.552  INFO 16795 --- [    Test worker] o.s.t.c.support.AbstractContextLoader    : Could not detect default resource locations for test class [project.sample.ItemSample]: no resource found for suffixes {-context.xml, Context.groovy}.
2022-06-04 06:57:38.552  INFO 16795 --- [    Test worker] t.c.s.AnnotationConfigContextLoaderUtils : Could not detect default configuration classes for test class [project.sample.ItemSample]: ItemSample does not declare any static, non-private, non-final, nested classes annotated with @Configuration.
2022-06-04 06:57:38.576  INFO 16795 --- [    Test worker] .b.t.c.SpringBootTestContextBootstrapper : Found @SpringBootConfiguration project.Application for test class project.sample.ItemSample
2022-06-04 06:57:38.606  INFO 16795 --- [    Test worker] .b.t.c.SpringBootTestContextBootstrapper : Loaded default TestExecutionListener class names from location [META-INF/spring.factories]: [org.springframework.boot.test.autoconfigure.restdocs.RestDocsTestExecutionListener, org.springframework.boot.test.autoconfigure.web.client.MockRestServiceServerResetTestExecutionListener, org.springframework.boot.test.autoconfigure.web.servlet.MockMvcPrintOnlyOnFailureTestExecutionListener, org.springframework.boot.test.autoconfigure.web.servlet.WebDriverTestExecutionListener, org.springframework.boot.test.mock.mockito.MockitoTestExecutionListener, org.springframework.boot.test.mock.mockito.ResetMocksTestExecutionListener, org.springframework.test.context.web.ServletTestExecutionListener, org.springframework.test.context.support.DirtiesContextBeforeModesTestExecutionListener, org.springframework.test.context.support.DependencyInjectionTestExecutionListener, org.springframework.test.context.support.DirtiesContextTestExecutionListener, org.springframework.test.context.transaction.TransactionalTestExecutionListener, org.springframework.test.context.jdbc.SqlScriptsTestExecutionListener]
2022-06-04 06:57:38.607  INFO 16795 --- [    Test worker] .b.t.c.SpringBootTestContextBootstrapper : Using TestExecutionListeners: [org.springframework.test.context.web.ServletTestExecutionListener@15507435, org.springframework.test.context.support.DirtiesContextBeforeModesTestExecutionListener@8ff530f, org.springframework.boot.test.mock.mockito.MockitoTestExecutionListener@608b8b11, org.springframework.boot.test.autoconfigure.SpringBootDependencyInjectionTestExecutionListener@38d03a90, org.springframework.test.context.support.DirtiesContextTestExecutionListener@2e371063, org.springframework.test.context.transaction.TransactionalTestExecutionListener@5c225981, org.springframework.test.context.jdbc.SqlScriptsTestExecutionListener@60cd8217, org.springframework.boot.test.autoconfigure.restdocs.RestDocsTestExecutionListener@59703024, org.springframework.boot.test.autoconfigure.web.client.MockRestServiceServerResetTestExecutionListener@4f529761, org.springframework.boot.test.autoconfigure.web.servlet.MockMvcPrintOnlyOnFailureTestExecutionListener@1f2215b, org.springframework.boot.test.autoconfigure.web.servlet.WebDriverTestExecutionListener@d23c648, org.springframework.boot.test.mock.mockito.ResetMocksTestExecutionListener@558a26d8]
]]></system-out>
  <system-err><![CDATA[]]></system-err>
</testsuite>
