<?xml version="1.0" encoding="UTF-8"?>
<testsuite name="project.sample.PartnerSample" tests="1" skipped="0" failures="0" errors="0" timestamp="2022-06-04T06:57:38" hostname="goorm" time="0.01">
  <properties/>
  <testcase name="testApplication" classname="project.sample.PartnerSample" time="0.01"/>
  <system-out><![CDATA[2022-06-04 06:57:38.742  INFO 16795 --- [    Test worker] .b.t.c.SpringBootTestContextBootstrapper : Neither @ContextConfiguration nor @ContextHierarchy found for test class [project.sample.PartnerSample], using SpringBootContextLoader
2022-06-04 06:57:38.746  INFO 16795 --- [    Test worker] o.s.t.c.support.AbstractContextLoader    : Could not detect default resource locations for test class [project.sample.PartnerSample]: no resource found for suffixes {-context.xml, Context.groovy}.
2022-06-04 06:57:38.753  INFO 16795 --- [    Test worker] t.c.s.AnnotationConfigContextLoaderUtils : Could not detect default configuration classes for test class [project.sample.PartnerSample]: PartnerSample does not declare any static, non-private, non-final, nested classes annotated with @Configuration.
2022-06-04 06:57:38.779  INFO 16795 --- [    Test worker] .b.t.c.SpringBootTestContextBootstrapper : Found @SpringBootConfiguration project.Application for test class project.sample.PartnerSample
2022-06-04 06:57:38.797  INFO 16795 --- [    Test worker] .b.t.c.SpringBootTestContextBootstrapper : Loaded default TestExecutionListener class names from location [META-INF/spring.factories]: [org.springframework.boot.test.autoconfigure.restdocs.RestDocsTestExecutionListener, org.springframework.boot.test.autoconfigure.web.client.MockRestServiceServerResetTestExecutionListener, org.springframework.boot.test.autoconfigure.web.servlet.MockMvcPrintOnlyOnFailureTestExecutionListener, org.springframework.boot.test.autoconfigure.web.servlet.WebDriverTestExecutionListener, org.springframework.boot.test.mock.mockito.MockitoTestExecutionListener, org.springframework.boot.test.mock.mockito.ResetMocksTestExecutionListener, org.springframework.test.context.web.ServletTestExecutionListener, org.springframework.test.context.support.DirtiesContextBeforeModesTestExecutionListener, org.springframework.test.context.support.DependencyInjectionTestExecutionListener, org.springframework.test.context.support.DirtiesContextTestExecutionListener, org.springframework.test.context.transaction.TransactionalTestExecutionListener, org.springframework.test.context.jdbc.SqlScriptsTestExecutionListener]
2022-06-04 06:57:38.804  INFO 16795 --- [    Test worker] .b.t.c.SpringBootTestContextBootstrapper : Using TestExecutionListeners: [org.springframework.test.context.web.ServletTestExecutionListener@42ef8f89, org.springframework.test.context.support.DirtiesContextBeforeModesTestExecutionListener@1ff3d3b3, org.springframework.boot.test.mock.mockito.MockitoTestExecutionListener@afd913d, org.springframework.boot.test.autoconfigure.SpringBootDependencyInjectionTestExecutionListener@5d023f5e, org.springframework.test.context.support.DirtiesContextTestExecutionListener@63af60b0, org.springframework.test.context.transaction.TransactionalTestExecutionListener@6240493d, org.springframework.test.context.jdbc.SqlScriptsTestExecutionListener@4d25831, org.springframework.boot.test.autoconfigure.restdocs.RestDocsTestExecutionListener@48666f3a, org.springframework.boot.test.autoconfigure.web.client.MockRestServiceServerResetTestExecutionListener@50d42c66, org.springframework.boot.test.autoconfigure.web.servlet.MockMvcPrintOnlyOnFailureTestExecutionListener@303d8ee0, org.springframework.boot.test.autoconfigure.web.servlet.WebDriverTestExecutionListener@26b85b06, org.springframework.boot.test.mock.mockito.ResetMocksTestExecutionListener@5ddcff54]
]]></system-out>
  <system-err><![CDATA[]]></system-err>
</testsuite>
