<?xml version="1.0" encoding="UTF-8"?>
<testsuite name="project.repository.OrderGroupRepositoryTest" tests="1" skipped="0" failures="0" errors="0" timestamp="2022-06-04T05:52:57" hostname="goorm" time="0.004">
  <properties/>
  <testcase name="testApplication" classname="project.repository.OrderGroupRepositoryTest" time="0.004"/>
  <system-out><![CDATA[2022-06-04 05:52:57.550  INFO 12705 --- [    Test worker] .b.t.c.SpringBootTestContextBootstrapper : Neither @ContextConfiguration nor @ContextHierarchy found for test class [project.repository.OrderGroupRepositoryTest], using SpringBootContextLoader
2022-06-04 05:52:57.551  INFO 12705 --- [    Test worker] o.s.t.c.support.AbstractContextLoader    : Could not detect default resource locations for test class [project.repository.OrderGroupRepositoryTest]: no resource found for suffixes {-context.xml, Context.groovy}.
2022-06-04 05:52:57.553  INFO 12705 --- [    Test worker] t.c.s.AnnotationConfigContextLoaderUtils : Could not detect default configuration classes for test class [project.repository.OrderGroupRepositoryTest]: OrderGroupRepositoryTest does not declare any static, non-private, non-final, nested classes annotated with @Configuration.
2022-06-04 05:52:57.565  INFO 12705 --- [    Test worker] .b.t.c.SpringBootTestContextBootstrapper : Found @SpringBootConfiguration project.Application for test class project.repository.OrderGroupRepositoryTest
2022-06-04 05:52:57.569  INFO 12705 --- [    Test worker] .b.t.c.SpringBootTestContextBootstrapper : Loaded default TestExecutionListener class names from location [META-INF/spring.factories]: [org.springframework.boot.test.autoconfigure.restdocs.RestDocsTestExecutionListener, org.springframework.boot.test.autoconfigure.web.client.MockRestServiceServerResetTestExecutionListener, org.springframework.boot.test.autoconfigure.web.servlet.MockMvcPrintOnlyOnFailureTestExecutionListener, org.springframework.boot.test.autoconfigure.web.servlet.WebDriverTestExecutionListener, org.springframework.boot.test.mock.mockito.MockitoTestExecutionListener, org.springframework.boot.test.mock.mockito.ResetMocksTestExecutionListener, org.springframework.test.context.web.ServletTestExecutionListener, org.springframework.test.context.support.DirtiesContextBeforeModesTestExecutionListener, org.springframework.test.context.support.DependencyInjectionTestExecutionListener, org.springframework.test.context.support.DirtiesContextTestExecutionListener, org.springframework.test.context.transaction.TransactionalTestExecutionListener, org.springframework.test.context.jdbc.SqlScriptsTestExecutionListener]
2022-06-04 05:52:57.571  INFO 12705 --- [    Test worker] .b.t.c.SpringBootTestContextBootstrapper : Using TestExecutionListeners: [org.springframework.test.context.web.ServletTestExecutionListener@97717fa, org.springframework.test.context.support.DirtiesContextBeforeModesTestExecutionListener@177241d7, org.springframework.boot.test.mock.mockito.MockitoTestExecutionListener@45f39729, org.springframework.boot.test.autoconfigure.SpringBootDependencyInjectionTestExecutionListener@5f96346b, org.springframework.test.context.support.DirtiesContextTestExecutionListener@6e6f30a4, org.springframework.test.context.transaction.TransactionalTestExecutionListener@6b16b847, org.springframework.test.context.jdbc.SqlScriptsTestExecutionListener@328520d3, org.springframework.boot.test.autoconfigure.restdocs.RestDocsTestExecutionListener@5c5e6f84, org.springframework.boot.test.autoconfigure.web.client.MockRestServiceServerResetTestExecutionListener@4ba39ebb, org.springframework.boot.test.autoconfigure.web.servlet.MockMvcPrintOnlyOnFailureTestExecutionListener@15a9c308, org.springframework.boot.test.autoconfigure.web.servlet.WebDriverTestExecutionListener@eb1ead6, org.springframework.boot.test.mock.mockito.ResetMocksTestExecutionListener@213c86cb]
]]></system-out>
  <system-err><![CDATA[]]></system-err>
</testsuite>
