<?xml version="1.0" encoding="UTF-8"?>
<testsuite name="project.repository.CategoryRepositoryTest" tests="1" skipped="0" failures="0" errors="0" timestamp="2021-02-13T18:06:35" hostname="goorm" time="0.013">
  <properties/>
  <testcase name="testApplication" classname="project.repository.CategoryRepositoryTest" time="0.013"/>
  <system-out><![CDATA[2021-02-13 18:06:35.847  INFO 8759 --- [    Test worker] .b.t.c.SpringBootTestContextBootstrapper : Neither @ContextConfiguration nor @ContextHierarchy found for test class [project.repository.CategoryRepositoryTest], using SpringBootContextLoader
2021-02-13 18:06:35.847  INFO 8759 --- [    Test worker] o.s.t.c.support.AbstractContextLoader    : Could not detect default resource locations for test class [project.repository.CategoryRepositoryTest]: no resource found for suffixes {-context.xml, Context.groovy}.
2021-02-13 18:06:35.848  INFO 8759 --- [    Test worker] t.c.s.AnnotationConfigContextLoaderUtils : Could not detect default configuration classes for test class [project.repository.CategoryRepositoryTest]: CategoryRepositoryTest does not declare any static, non-private, non-final, nested classes annotated with @Configuration.
2021-02-13 18:06:35.855  INFO 8759 --- [    Test worker] .b.t.c.SpringBootTestContextBootstrapper : Found @SpringBootConfiguration project.Application for test class project.repository.CategoryRepositoryTest
2021-02-13 18:06:35.858  INFO 8759 --- [    Test worker] .b.t.c.SpringBootTestContextBootstrapper : Loaded default TestExecutionListener class names from location [META-INF/spring.factories]: [org.springframework.boot.test.autoconfigure.restdocs.RestDocsTestExecutionListener, org.springframework.boot.test.autoconfigure.web.client.MockRestServiceServerResetTestExecutionListener, org.springframework.boot.test.autoconfigure.web.servlet.MockMvcPrintOnlyOnFailureTestExecutionListener, org.springframework.boot.test.autoconfigure.web.servlet.WebDriverTestExecutionListener, org.springframework.boot.test.mock.mockito.MockitoTestExecutionListener, org.springframework.boot.test.mock.mockito.ResetMocksTestExecutionListener, org.springframework.test.context.web.ServletTestExecutionListener, org.springframework.test.context.support.DirtiesContextBeforeModesTestExecutionListener, org.springframework.test.context.support.DependencyInjectionTestExecutionListener, org.springframework.test.context.support.DirtiesContextTestExecutionListener, org.springframework.test.context.transaction.TransactionalTestExecutionListener, org.springframework.test.context.jdbc.SqlScriptsTestExecutionListener]
2021-02-13 18:06:35.859  INFO 8759 --- [    Test worker] .b.t.c.SpringBootTestContextBootstrapper : Using TestExecutionListeners: [org.springframework.test.context.web.ServletTestExecutionListener@12dec7e5, org.springframework.test.context.support.DirtiesContextBeforeModesTestExecutionListener@783fc97d, org.springframework.boot.test.mock.mockito.MockitoTestExecutionListener@13a51068, org.springframework.boot.test.autoconfigure.SpringBootDependencyInjectionTestExecutionListener@d9f6ab1, org.springframework.test.context.support.DirtiesContextTestExecutionListener@699a7508, org.springframework.test.context.transaction.TransactionalTestExecutionListener@6fe82d67, org.springframework.test.context.jdbc.SqlScriptsTestExecutionListener@54f556a2, org.springframework.boot.test.autoconfigure.restdocs.RestDocsTestExecutionListener@2249746f, org.springframework.boot.test.autoconfigure.web.client.MockRestServiceServerResetTestExecutionListener@18c1771b, org.springframework.boot.test.autoconfigure.web.servlet.MockMvcPrintOnlyOnFailureTestExecutionListener@366cf271, org.springframework.boot.test.autoconfigure.web.servlet.WebDriverTestExecutionListener@48d2e258, org.springframework.boot.test.mock.mockito.ResetMocksTestExecutionListener@21510d21]
]]></system-out>
  <system-err><![CDATA[]]></system-err>
</testsuite>
