<?xml version="1.0" encoding="UTF-8"?>
<testsuite name="project.repository.CategoryRepositoryTest" tests="1" skipped="0" failures="0" errors="0" timestamp="2022-06-04T05:52:57" hostname="goorm" time="0.003">
  <properties/>
  <testcase name="testApplication" classname="project.repository.CategoryRepositoryTest" time="0.003"/>
  <system-out><![CDATA[2022-06-04 05:52:57.652  INFO 12705 --- [    Test worker] .b.t.c.SpringBootTestContextBootstrapper : Neither @ContextConfiguration nor @ContextHierarchy found for test class [project.repository.CategoryRepositoryTest], using SpringBootContextLoader
2022-06-04 05:52:57.660  INFO 12705 --- [    Test worker] o.s.t.c.support.AbstractContextLoader    : Could not detect default resource locations for test class [project.repository.CategoryRepositoryTest]: no resource found for suffixes {-context.xml, Context.groovy}.
2022-06-04 05:52:57.664  INFO 12705 --- [    Test worker] t.c.s.AnnotationConfigContextLoaderUtils : Could not detect default configuration classes for test class [project.repository.CategoryRepositoryTest]: CategoryRepositoryTest does not declare any static, non-private, non-final, nested classes annotated with @Configuration.
2022-06-04 05:52:57.668  INFO 12705 --- [    Test worker] .b.t.c.SpringBootTestContextBootstrapper : Found @SpringBootConfiguration project.Application for test class project.repository.CategoryRepositoryTest
2022-06-04 05:52:57.671  INFO 12705 --- [    Test worker] .b.t.c.SpringBootTestContextBootstrapper : Loaded default TestExecutionListener class names from location [META-INF/spring.factories]: [org.springframework.boot.test.autoconfigure.restdocs.RestDocsTestExecutionListener, org.springframework.boot.test.autoconfigure.web.client.MockRestServiceServerResetTestExecutionListener, org.springframework.boot.test.autoconfigure.web.servlet.MockMvcPrintOnlyOnFailureTestExecutionListener, org.springframework.boot.test.autoconfigure.web.servlet.WebDriverTestExecutionListener, org.springframework.boot.test.mock.mockito.MockitoTestExecutionListener, org.springframework.boot.test.mock.mockito.ResetMocksTestExecutionListener, org.springframework.test.context.web.ServletTestExecutionListener, org.springframework.test.context.support.DirtiesContextBeforeModesTestExecutionListener, org.springframework.test.context.support.DependencyInjectionTestExecutionListener, org.springframework.test.context.support.DirtiesContextTestExecutionListener, org.springframework.test.context.transaction.TransactionalTestExecutionListener, org.springframework.test.context.jdbc.SqlScriptsTestExecutionListener]
2022-06-04 05:52:57.680  INFO 12705 --- [    Test worker] .b.t.c.SpringBootTestContextBootstrapper : Using TestExecutionListeners: [org.springframework.test.context.web.ServletTestExecutionListener@4576dddc, org.springframework.test.context.support.DirtiesContextBeforeModesTestExecutionListener@1c5c221b, org.springframework.boot.test.mock.mockito.MockitoTestExecutionListener@1c44142b, org.springframework.boot.test.autoconfigure.SpringBootDependencyInjectionTestExecutionListener@55e5e4d2, org.springframework.test.context.support.DirtiesContextTestExecutionListener@268e5b8f, org.springframework.test.context.transaction.TransactionalTestExecutionListener@5b3fe9bf, org.springframework.test.context.jdbc.SqlScriptsTestExecutionListener@67e65bbf, org.springframework.boot.test.autoconfigure.restdocs.RestDocsTestExecutionListener@1ddff0e5, org.springframework.boot.test.autoconfigure.web.client.MockRestServiceServerResetTestExecutionListener@49d982f2, org.springframework.boot.test.autoconfigure.web.servlet.MockMvcPrintOnlyOnFailureTestExecutionListener@6d8fe867, org.springframework.boot.test.autoconfigure.web.servlet.WebDriverTestExecutionListener@38617dca, org.springframework.boot.test.mock.mockito.ResetMocksTestExecutionListener@5adbeafb]
]]></system-out>
  <system-err><![CDATA[]]></system-err>
</testsuite>
