<?xml version="1.0" encoding="UTF-8"?>
<testsuite name="project.sample.OrderDetailSample" tests="1" skipped="0" failures="0" errors="0" timestamp="2021-02-13T18:06:35" hostname="goorm" time="0.003">
  <properties/>
  <testcase name="testApplication" classname="project.sample.OrderDetailSample" time="0.003"/>
  <system-out><![CDATA[2021-02-13 18:06:35.464  INFO 8759 --- [    Test worker] .b.t.c.SpringBootTestContextBootstrapper : Neither @ContextConfiguration nor @ContextHierarchy found for test class [project.sample.OrderDetailSample], using SpringBootContextLoader
2021-02-13 18:06:35.466  INFO 8759 --- [    Test worker] o.s.t.c.support.AbstractContextLoader    : Could not detect default resource locations for test class [project.sample.OrderDetailSample]: no resource found for suffixes {-context.xml, Context.groovy}.
2021-02-13 18:06:35.468  INFO 8759 --- [    Test worker] t.c.s.AnnotationConfigContextLoaderUtils : Could not detect default configuration classes for test class [project.sample.OrderDetailSample]: OrderDetailSample does not declare any static, non-private, non-final, nested classes annotated with @Configuration.
2021-02-13 18:06:35.471  INFO 8759 --- [    Test worker] .b.t.c.SpringBootTestContextBootstrapper : Found @SpringBootConfiguration project.Application for test class project.sample.OrderDetailSample
2021-02-13 18:06:35.474  INFO 8759 --- [    Test worker] .b.t.c.SpringBootTestContextBootstrapper : Loaded default TestExecutionListener class names from location [META-INF/spring.factories]: [org.springframework.boot.test.autoconfigure.restdocs.RestDocsTestExecutionListener, org.springframework.boot.test.autoconfigure.web.client.MockRestServiceServerResetTestExecutionListener, org.springframework.boot.test.autoconfigure.web.servlet.MockMvcPrintOnlyOnFailureTestExecutionListener, org.springframework.boot.test.autoconfigure.web.servlet.WebDriverTestExecutionListener, org.springframework.boot.test.mock.mockito.MockitoTestExecutionListener, org.springframework.boot.test.mock.mockito.ResetMocksTestExecutionListener, org.springframework.test.context.web.ServletTestExecutionListener, org.springframework.test.context.support.DirtiesContextBeforeModesTestExecutionListener, org.springframework.test.context.support.DependencyInjectionTestExecutionListener, org.springframework.test.context.support.DirtiesContextTestExecutionListener, org.springframework.test.context.transaction.TransactionalTestExecutionListener, org.springframework.test.context.jdbc.SqlScriptsTestExecutionListener]
2021-02-13 18:06:35.476  INFO 8759 --- [    Test worker] .b.t.c.SpringBootTestContextBootstrapper : Using TestExecutionListeners: [org.springframework.test.context.web.ServletTestExecutionListener@34da1fa8, org.springframework.test.context.support.DirtiesContextBeforeModesTestExecutionListener@722d3ed7, org.springframework.boot.test.mock.mockito.MockitoTestExecutionListener@73450ba9, org.springframework.boot.test.autoconfigure.SpringBootDependencyInjectionTestExecutionListener@23333c33, org.springframework.test.context.support.DirtiesContextTestExecutionListener@47f040a2, org.springframework.test.context.transaction.TransactionalTestExecutionListener@5cb0050d, org.springframework.test.context.jdbc.SqlScriptsTestExecutionListener@7735571, org.springframework.boot.test.autoconfigure.restdocs.RestDocsTestExecutionListener@3d1b3308, org.springframework.boot.test.autoconfigure.web.client.MockRestServiceServerResetTestExecutionListener@78ab9159, org.springframework.boot.test.autoconfigure.web.servlet.MockMvcPrintOnlyOnFailureTestExecutionListener@24ef6b2c, org.springframework.boot.test.autoconfigure.web.servlet.WebDriverTestExecutionListener@392a7a1d, org.springframework.boot.test.mock.mockito.ResetMocksTestExecutionListener@5d4d9d43]
]]></system-out>
  <system-err><![CDATA[]]></system-err>
</testsuite>
