<?xml version="1.0" encoding="UTF-8"?>
<testsuite name="project.repository.OrderGroupRepositoryTest" tests="1" skipped="0" failures="0" errors="0" timestamp="2022-06-04T06:57:39" hostname="goorm" time="0.002">
  <properties/>
  <testcase name="testApplication" classname="project.repository.OrderGroupRepositoryTest" time="0.002"/>
  <system-out><![CDATA[2022-06-04 06:57:39.354  INFO 16795 --- [    Test worker] .b.t.c.SpringBootTestContextBootstrapper : Neither @ContextConfiguration nor @ContextHierarchy found for test class [project.repository.OrderGroupRepositoryTest], using SpringBootContextLoader
2022-06-04 06:57:39.364  INFO 16795 --- [    Test worker] o.s.t.c.support.AbstractContextLoader    : Could not detect default resource locations for test class [project.repository.OrderGroupRepositoryTest]: no resource found for suffixes {-context.xml, Context.groovy}.
2022-06-04 06:57:39.364  INFO 16795 --- [    Test worker] t.c.s.AnnotationConfigContextLoaderUtils : Could not detect default configuration classes for test class [project.repository.OrderGroupRepositoryTest]: OrderGroupRepositoryTest does not declare any static, non-private, non-final, nested classes annotated with @Configuration.
2022-06-04 06:57:39.394  INFO 16795 --- [    Test worker] .b.t.c.SpringBootTestContextBootstrapper : Found @SpringBootConfiguration project.Application for test class project.repository.OrderGroupRepositoryTest
2022-06-04 06:57:39.395  INFO 16795 --- [    Test worker] .b.t.c.SpringBootTestContextBootstrapper : Loaded default TestExecutionListener class names from location [META-INF/spring.factories]: [org.springframework.boot.test.autoconfigure.restdocs.RestDocsTestExecutionListener, org.springframework.boot.test.autoconfigure.web.client.MockRestServiceServerResetTestExecutionListener, org.springframework.boot.test.autoconfigure.web.servlet.MockMvcPrintOnlyOnFailureTestExecutionListener, org.springframework.boot.test.autoconfigure.web.servlet.WebDriverTestExecutionListener, org.springframework.boot.test.mock.mockito.MockitoTestExecutionListener, org.springframework.boot.test.mock.mockito.ResetMocksTestExecutionListener, org.springframework.test.context.web.ServletTestExecutionListener, org.springframework.test.context.support.DirtiesContextBeforeModesTestExecutionListener, org.springframework.test.context.support.DependencyInjectionTestExecutionListener, org.springframework.test.context.support.DirtiesContextTestExecutionListener, org.springframework.test.context.transaction.TransactionalTestExecutionListener, org.springframework.test.context.jdbc.SqlScriptsTestExecutionListener]
2022-06-04 06:57:39.396  INFO 16795 --- [    Test worker] .b.t.c.SpringBootTestContextBootstrapper : Using TestExecutionListeners: [org.springframework.test.context.web.ServletTestExecutionListener@1cf0151b, org.springframework.test.context.support.DirtiesContextBeforeModesTestExecutionListener@d0aae2d, org.springframework.boot.test.mock.mockito.MockitoTestExecutionListener@7acafb2c, org.springframework.boot.test.autoconfigure.SpringBootDependencyInjectionTestExecutionListener@4d1fe75a, org.springframework.test.context.support.DirtiesContextTestExecutionListener@515b7b2f, org.springframework.test.context.transaction.TransactionalTestExecutionListener@9f8ccef, org.springframework.test.context.jdbc.SqlScriptsTestExecutionListener@24465567, org.springframework.boot.test.autoconfigure.restdocs.RestDocsTestExecutionListener@16d14382, org.springframework.boot.test.autoconfigure.web.client.MockRestServiceServerResetTestExecutionListener@1cd9d074, org.springframework.boot.test.autoconfigure.web.servlet.MockMvcPrintOnlyOnFailureTestExecutionListener@5309f8b4, org.springframework.boot.test.autoconfigure.web.servlet.WebDriverTestExecutionListener@45f272df, org.springframework.boot.test.mock.mockito.ResetMocksTestExecutionListener@5923e4b0]
]]></system-out>
  <system-err><![CDATA[]]></system-err>
</testsuite>
